#
# A fatal error has been detected by the Java Runtime Environment:
#
#  EXCEPTION_ACCESS_VIOLATION (0xc0000005) at pc=0x0000000051fc1663, pid=9568, tid=0x0000000000003d24
#
# JRE version: Java(TM) SE Runtime Environment (8.0_131-b11) (build 1.8.0_131-b11)
# Java VM: Java HotSpot(TM) 64-Bit Server VM (25.131-b11 mixed mode windows-amd64 compressed oops)
# Problematic frame:
# V  [jvm.dll+0x3f1663]
#
# Failed to write core dump. Minidumps are not enabled by default on client versions of Windows
#
# If you would like to submit a bug report, please visit:
#   http://bugreport.java.com/bugreport/crash.jsp
#

---------------  T H R E A D  ---------------

Current thread (0x00000000031f3800):  GCTaskThread [stack: 0x00000000131a0000,0x00000000132a0000] [id=15652]

siginfo: ExceptionCode=0xc0000005, reading address 0x0000000000000050

Registers:
RAX=0x000000000000000c, RBX=0x00000000126b6623, RCX=0x0000000000000003, RDX=0x0000000000000050
RSP=0x000000001329f7b0, RBP=0x00000000126b6681, RSI=0x00000000a4cc4600, RDI=0x00000000a4cc3108
R8 =0x1fffffffffffffff, R9 =0x0000000000000048, R10=0x00000000129a0000, R11=0x00000000124a0000
R12=0x00000000126b6610, R13=0x0000000017085b00, R14=0x00000000031e23c0, R15=0x000000000000000c
RIP=0x0000000051fc1663, EFLAGS=0x0000000000010206

Top of Stack: (sp=0x000000001329f7b0)
0x000000001329f7b0:   00000000126b6623 00000000126b6681
0x000000001329f7c0:   00000000a4cc4600 00000000eb208fa9
0x000000001329f7d0:   00000000126b6400 0000000012756d96
0x000000001329f7e0:   0000000000000400 0000000000000200
0x000000001329f7f0:   00000000031d0650 00000000031ee200
0x000000001329f800:   0000000052224cd8 0000000000000000
0x000000001329f810:   0000000000000000 0000000016f15540
0x000000001329f820:   00000000031f3bd0 00000000031f3bc0
0x000000001329f830:   0000000017085b00 0000000051fd3cb2
0x000000001329f840:   00000000126b6600 00000000031e2580
0x000000001329f850:   00000000a4cd0000 00000000b8db2ae8
0x000000001329f860:   0000000017085b00 0000000000000004
0x000000001329f870:   0000000000000008 00000000031e3190
0x000000001329f880:   0000000016f15540 0000000051fc302e
0x000000001329f890:   00000000031f3800 0000000000000000
0x000000001329f8a0:   0000000000000000 0000000000000000 

Instructions: (pc=0x0000000051fc1663)
0x0000000051fc1643:   bd 41 00 00 74 16 44 8b 4f 08 8b 0d 55 f1 3a 00
0x0000000051fc1653:   49 d3 e1 4c 03 0d 43 f1 3a 00 eb 04 4c 8b 4f 08
0x0000000051fc1663:   41 81 79 08 00 00 00 c0 73 12 49 8b 01 4c 8b c7
0x0000000051fc1673:   49 8b d5 49 8b c9 ff 90 20 01 00 00 80 3d 2b bd 


Register to memory mapping:

RAX=0x000000000000000c is an unknown value
RBX=0x00000000126b6623 is an unknown value
RCX=0x0000000000000003 is an unknown value
RDX=0x0000000000000050 is an unknown value
RSP=0x000000001329f7b0 is an unknown value
RBP=0x00000000126b6681 is an unknown value
RSI=0x00000000a4cc4600 is pointing into object: 0x00000000a4cc45e8
[Ljava.lang.Object; 
 - klass: 'java/lang/Object'[]
 - length: 31
RDI=
[error occurred during error reporting (printing register info), id 0xc0000005]

Stack: [0x00000000131a0000,0x00000000132a0000],  sp=0x000000001329f7b0,  free space=1021k
Native frames: (J=compiled Java code, j=interpreted, Vv=VM code, C=native code)
V  [jvm.dll+0x3f1663]
V  [jvm.dll+0x403cb2]
V  [jvm.dll+0x3f302e]
V  [jvm.dll+0x29cc1a]
C  [msvcr100.dll+0x21d9f]
C  [msvcr100.dll+0x21e3b]
C  [KERNEL32.DLL+0x17bd4]
C  [ntdll.dll+0x6ced1]


---------------  P R O C E S S  ---------------

Java Threads: ( => current thread )
  0x000000001cf65800 JavaThread "Cache worker for Java compile cache (D:\AndroidProject\andoucode\.gradle\5.4.1\javaCompile)" [_thread_blocked, id=5632, stack(0x000000002e820000,0x000000002e920000)]
  0x000000001cf5f800 JavaThread "Cache worker for execution history cache (D:\AndroidProject\andoucode\.gradle\5.4.1\executionHistory)" [_thread_blocked, id=10776, stack(0x000000002e720000,0x000000002e820000)]
  0x000000001cf64800 JavaThread "Execution worker for ':' Thread 7" [_thread_blocked, id=10988, stack(0x000000002e420000,0x000000002e520000)]
  0x000000001cf61800 JavaThread "Execution worker for ':' Thread 6" [_thread_blocked, id=3136, stack(0x000000002e320000,0x000000002e420000)]
  0x000000001cf60000 JavaThread "Execution worker for ':' Thread 5" [_thread_blocked, id=2384, stack(0x000000002de20000,0x000000002df20000)]
  0x000000001cf61000 JavaThread "Execution worker for ':' Thread 4" [_thread_blocked, id=11340, stack(0x000000002db20000,0x000000002dc20000)]
  0x000000001cf64000 JavaThread "Execution worker for ':' Thread 3" [_thread_blocked, id=1284, stack(0x000000002d5f0000,0x000000002d6f0000)]
  0x000000001cf59800 JavaThread "Execution worker for ':' Thread 2" [_thread_blocked, id=12480, stack(0x000000002cc60000,0x000000002cd60000)]
  0x000000001cf5e000 JavaThread "Execution worker for ':'" [_thread_blocked, id=1400, stack(0x000000002c260000,0x000000002c360000)]
  0x000000001cf57000 JavaThread "Cache worker for file content cache (D:\AndroidProject\andoucode\.gradle\5.4.1\fileContent)" [_thread_blocked, id=9816, stack(0x000000002aba0000,0x000000002aca0000)]
  0x000000001cf5c800 JavaThread "Cache worker for Build Output Cleanup Cache (D:\AndroidProject\andoucode\.gradle\buildOutputCleanup)" [_thread_blocked, id=5848, stack(0x00000000291e0000,0x00000000292e0000)]
  0x000000001cf5b000 JavaThread "Build operations Thread 8" [_thread_blocked, id=11192, stack(0x0000000027e20000,0x0000000027f20000)]
  0x000000001cf5d000 JavaThread "Build operations Thread 7" [_thread_blocked, id=9480, stack(0x0000000027840000,0x0000000027940000)]
  0x000000001a1a7000 JavaThread "Build operations Thread 6" [_thread_blocked, id=15708, stack(0x0000000026370000,0x0000000026470000)]
  0x000000001a1a6800 JavaThread "Build operations Thread 5" [_thread_blocked, id=8816, stack(0x0000000025e70000,0x0000000025f70000)]
  0x000000001a1ab000 JavaThread "Build operations Thread 4" [_thread_blocked, id=14272, stack(0x0000000025d70000,0x0000000025e70000)]
  0x000000001a1aa000 JavaThread "Build operations Thread 3" [_thread_blocked, id=13100, stack(0x0000000025870000,0x0000000025970000)]
  0x000000001a1a5800 JavaThread "Build operations Thread 2" [_thread_blocked, id=8004, stack(0x0000000025770000,0x0000000025870000)]
  0x000000001a1a8800 JavaThread "Build operations" [_thread_blocked, id=6288, stack(0x0000000025270000,0x0000000025370000)]
  0x000000001a1ac800 JavaThread "Cache worker for cache directory md-rule (C:\Users\Bin\.gradle\caches\5.4.1\md-rule)" [_thread_blocked, id=16332, stack(0x0000000024cc0000,0x0000000024dc0000)]
  0x000000001a1a9800 JavaThread "Cache worker for cache directory md-supplier (C:\Users\Bin\.gradle\caches\5.4.1\md-supplier)" [_thread_blocked, id=13428, stack(0x00000000233a0000,0x00000000234a0000)]
  0x000000001a19e000 JavaThread "Cache worker for file hash cache (D:\AndroidProject\andoucode\.gradle\5.4.1\fileHashes)" [_thread_blocked, id=13412, stack(0x0000000022c20000,0x0000000022d20000)]
  0x000000001a1a0800 JavaThread "Thread-399" [_thread_blocked, id=13848, stack(0x0000000021850000,0x0000000021950000)]
  0x000000001a19f800 JavaThread "Stdin handler" [_thread_blocked, id=612, stack(0x0000000021480000,0x0000000021580000)]
  0x000000001a1a2000 JavaThread "Asynchronous log dispatcher for DefaultDaemonConnection: socket connection from /127.0.0.1:3515 to /127.0.0.1:13690" [_thread_blocked, id=11840, stack(0x000000001eb10000,0x000000001ec10000)]
  0x000000001a1a5000 JavaThread "Daemon worker Thread 11" [_thread_blocked, id=3744, stack(0x000000001c070000,0x000000001c170000)]
  0x000000001a1a1000 JavaThread "Cancel handler" [_thread_blocked, id=14360, stack(0x000000001bd70000,0x000000001be70000)]
  0x000000001a19d800 JavaThread "Handler for socket connection from /127.0.0.1:3515 to /127.0.0.1:13690" [_thread_in_native, id=5292, stack(0x000000001bc70000,0x000000001bd70000)]
  0x000000001a19f000 JavaThread "Daemon Thread 11" [_thread_blocked, id=11124, stack(0x0000000001370000,0x0000000001470000)]
  0x000000001a2ed800 JavaThread "Cache worker for Java compile cache (C:\Users\Bin\.gradle\caches\5.4.1\javaCompile)" [_thread_blocked, id=5692, stack(0x000000002f6c0000,0x000000002f7c0000)]
  0x000000001dab7800 JavaThread "Cache worker for file content cache (C:\Users\Bin\.gradle\caches\5.4.1\fileContent)" [_thread_blocked, id=15324, stack(0x000000002b130000,0x000000002b230000)]
  0x000000001dac0800 JavaThread "Memory manager" [_thread_blocked, id=592, stack(0x00000000241a0000,0x00000000242a0000)]
  0x000000001dabc000 JavaThread "Cache worker for execution history cache (C:\Users\Bin\.gradle\caches\5.4.1\executionHistory)" [_thread_blocked, id=2432, stack(0x0000000021950000,0x0000000021a50000)]
  0x0000000018fa4000 JavaThread "Cache worker for journal cache (C:\Users\Bin\.gradle\caches\journal-1)" [_thread_blocked, id=5320, stack(0x000000001c870000,0x000000001c970000)]
  0x0000000018fa2800 JavaThread "File lock request listener" [_thread_in_native, id=15032, stack(0x000000001c770000,0x000000001c870000)]
  0x0000000018fa3800 JavaThread "Cache worker for file hash cache (C:\Users\Bin\.gradle\caches\5.4.1\fileHashes)" [_thread_blocked, id=3572, stack(0x000000001c670000,0x000000001c770000)]
  0x000000001ae23000 JavaThread "Daemon periodic checks" [_thread_blocked, id=10500, stack(0x000000001bb70000,0x000000001bc70000)]
  0x000000001ae09000 JavaThread "Incoming local TCP Connector on port 3515" [_thread_in_native, id=8996, stack(0x000000001ba70000,0x000000001bb70000)]
  0x000000001ac9d000 JavaThread "Daemon health stats" [_thread_blocked, id=13732, stack(0x000000001b430000,0x000000001b530000)]
  0x000000001902a000 JavaThread "Service Thread" daemon [_thread_blocked, id=1052, stack(0x0000000019a60000,0x0000000019b60000)]
  0x0000000018f9f000 JavaThread "C1 CompilerThread3" daemon [_thread_blocked, id=1044, stack(0x0000000019960000,0x0000000019a60000)]
  0x0000000018f92800 JavaThread "C2 CompilerThread2" daemon [_thread_blocked, id=6032, stack(0x0000000019860000,0x0000000019960000)]
  0x0000000018f8e800 JavaThread "C2 CompilerThread1" daemon [_thread_blocked, id=7040, stack(0x0000000019760000,0x0000000019860000)]
  0x0000000018f8a800 JavaThread "C2 CompilerThread0" daemon [_thread_blocked, id=15584, stack(0x0000000019660000,0x0000000019760000)]
  0x0000000018f88800 JavaThread "Attach Listener" daemon [_thread_blocked, id=3432, stack(0x0000000019560000,0x0000000019660000)]
  0x0000000018f87000 JavaThread "Signal Dispatcher" daemon [_thread_blocked, id=15252, stack(0x0000000019460000,0x0000000019560000)]
  0x00000000032c9000 JavaThread "Finalizer" daemon [_thread_blocked, id=13220, stack(0x0000000019360000,0x0000000019460000)]
  0x00000000032c7800 JavaThread "Reference Handler" daemon [_thread_blocked, id=15628, stack(0x0000000018e60000,0x0000000018f60000)]
  0x0000000002fce000 JavaThread "main" [_thread_blocked, id=6444, stack(0x00000000030d0000,0x00000000031d0000)]

Other Threads:
  0x0000000017088800 VMThread [stack: 0x0000000018d60000,0x0000000018e60000] [id=13468]
  0x0000000018fdf800 WatcherThread [stack: 0x0000000019b60000,0x0000000019c60000] [id=16004]

=>0x00000000031f3800 (exited) GCTaskThread [stack: 0x00000000131a0000,0x00000000132a0000] [id=15652]

VM state:at safepoint (normal execution)

VM Mutex/Monitor currently owned by a thread:  ([mutex/lock_event])
[0x0000000002fcc5e0] Threads_lock - owner thread: 0x0000000017088800
[0x00000000031d1bd0] Heap_lock - owner thread: 0x000000001cf61000

Heap:
 PSYoungGen      total 352256K, used 194490K [0x00000000e0000000, 0x00000000ffd80000, 0x0000000100000000)
  eden space 182272K, 100% used [0x00000000e0000000,0x00000000eb200000,0x00000000eb200000)
  from space 169984K, 7% used [0x00000000f5100000,0x00000000f5ceeb30,0x00000000ff700000)
  to   space 162816K, 28% used [0x00000000eb200000,0x00000000edf5ffb8,0x00000000f5100000)
 ParOldGen       total 728576K, used 418805K [0x00000000a0000000, 0x00000000cc780000, 0x00000000e0000000)
  object space 728576K, 57% used [0x00000000a0000000,0x00000000b98fd578,0x00000000cc780000)
 Metaspace       used 161376K, capacity 168648K, committed 171392K, reserved 1198080K
  class space    used 20282K, capacity 21647K, committed 22144K, reserved 1048576K

Card table byte_map: [0x0000000012690000,0x00000000129a0000] byte_map_base: 0x0000000012190000

Marking Bits: (ParMarkBitMap*) 0x00000000523ec720
 Begin Bits: [0x00000000133a0000, 0x0000000014ba0000)
 End Bits:   [0x0000000014ba0000, 0x00000000163a0000)

Polling page: 0x0000000001700000

CodeCache: size=245760Kb used=99355Kb max_used=99537Kb free=146405Kb
 bounds [0x00000000032d0000, 0x00000000094c0000, 0x00000000122d0000]
 total_blobs=27019 nmethods=26081 adapters=846
 compilation: enabled

Compilation events (10 events):
Event: 8471.790 Thread 0x0000000018f8a800 nmethod 36518 0x00000000071655d0 code [0x00000000071657a0, 0x00000000071672f8]
Event: 8471.790 Thread 0x0000000018f9f000 nmethod 36521 0x00000000092eccd0 code [0x00000000092ecf20, 0x00000000092edeb8]
Event: 8471.794 Thread 0x0000000018f9f000 36522       3       com.sun.tools.javac.file.ZipFileIndex$ZipDirectory::findCENRecord (280 bytes)
Event: 8471.796 Thread 0x0000000018f9f000 nmethod 36522 0x0000000007ee9cd0 code [0x0000000007ee9f80, 0x0000000007eeb098]
Event: 8471.802 Thread 0x0000000018f9f000 36523       3       java.util.ComparableTimSort::mergeHi (729 bytes)
Event: 8471.804 Thread 0x0000000018f9f000 nmethod 36523 0x0000000006eef090 code [0x0000000006eef3e0, 0x0000000006ef18f8]
Event: 8471.804 Thread 0x0000000018f9f000 36524 %     3       java.util.ComparableTimSort::mergeHi @ 185 (729 bytes)
Event: 8471.807 Thread 0x0000000018f9f000 nmethod 36524% 0x0000000006ef9390 code [0x0000000006ef96e0, 0x0000000006efbc78]
Event: 8471.837 Thread 0x0000000018f8e800 nmethod 36520 0x0000000007baf110 code [0x0000000007baf320, 0x0000000007bb0c20]
Event: 8471.904 Thread 0x0000000018f92800 nmethod 36517 0x0000000006d86010 code [0x0000000006d86340, 0x0000000006d897e0]

GC Heap History (10 events):
Event: 7193.145 GC heap after
Heap after GC invocations=72 (full 6):
 PSYoungGen      total 349696K, used 11264K [0x00000000e0000000, 0x0000000100000000, 0x0000000100000000)
  eden space 175104K, 0% used [0x00000000e0000000,0x00000000e0000000,0x00000000eab00000)
  from space 174592K, 6% used [0x00000000f5580000,0x00000000f60802b8,0x0000000100000000)
  to   space 174592K, 0% used [0x00000000eab00000,0x00000000eab00000,0x00000000f5580000)
 ParOldGen       total 728576K, used 388674K [0x00000000a0000000, 0x00000000cc780000, 0x00000000e0000000)
  object space 728576K, 53% used [0x00000000a0000000,0x00000000b7b90b28,0x00000000cc780000)
 Metaspace       used 160634K, capacity 167608K, committed 171392K, reserved 1198080K
  class space    used 20182K, capacity 21455K, committed 22144K, reserved 1048576K
}
Event: 7193.634 GC heap before
{Heap before GC invocations=73 (full 6):
 PSYoungGen      total 349696K, used 186368K [0x00000000e0000000, 0x0000000100000000, 0x0000000100000000)
  eden space 175104K, 100% used [0x00000000e0000000,0x00000000eab00000,0x00000000eab00000)
  from space 174592K, 6% used [0x00000000f5580000,0x00000000f60802b8,0x0000000100000000)
  to   space 174592K, 0% used [0x00000000eab00000,0x00000000eab00000,0x00000000f5580000)
 ParOldGen       total 728576K, used 388674K [0x00000000a0000000, 0x00000000cc780000, 0x00000000e0000000)
  object space 728576K, 53% used [0x00000000a0000000,0x00000000b7b90b28,0x00000000cc780000)
 Metaspace       used 160634K, capacity 167608K, committed 171392K, reserved 1198080K
  class space    used 20182K, capacity 21455K, committed 22144K, reserved 1048576K
Event: 7193.655 GC heap after
Heap after GC invocations=73 (full 6):
 PSYoungGen      total 349696K, used 22566K [0x00000000e0000000, 0x0000000100000000, 0x0000000100000000)
  eden space 175104K, 0% used [0x00000000e0000000,0x00000000e0000000,0x00000000eab00000)
  from space 174592K, 12% used [0x00000000eab00000,0x00000000ec109a18,0x00000000f5580000)
  to   space 174592K, 0% used [0x00000000f5580000,0x00000000f5580000,0x0000000100000000)
 ParOldGen       total 728576K, used 396884K [0x00000000a0000000, 0x00000000cc780000, 0x00000000e0000000)
  object space 728576K, 54% used [0x00000000a0000000,0x00000000b8395120,0x00000000cc780000)
 Metaspace       used 160634K, capacity 167608K, committed 171392K, reserved 1198080K
  class space    used 20182K, capacity 21455K, committed 22144K, reserved 1048576K
}
Event: 7194.330 GC heap before
{Heap before GC invocations=74 (full 6):
 PSYoungGen      total 349696K, used 197670K [0x00000000e0000000, 0x0000000100000000, 0x0000000100000000)
  eden space 175104K, 100% used [0x00000000e0000000,0x00000000eab00000,0x00000000eab00000)
  from space 174592K, 12% used [0x00000000eab00000,0x00000000ec109a18,0x00000000f5580000)
  to   space 174592K, 0% used [0x00000000f5580000,0x00000000f5580000,0x0000000100000000)
 ParOldGen       total 728576K, used 396884K [0x00000000a0000000, 0x00000000cc780000, 0x00000000e0000000)
  object space 728576K, 54% used [0x00000000a0000000,0x00000000b8395120,0x00000000cc780000)
 Metaspace       used 160684K, capacity 167680K, committed 171392K, reserved 1198080K
  class space    used 20189K, capacity 21467K, committed 22144K, reserved 1048576K
Event: 7194.346 GC heap after
Heap after GC invocations=74 (full 6):
 PSYoungGen      total 349696K, used 18426K [0x00000000e0000000, 0x0000000100000000, 0x0000000100000000)
  eden space 175104K, 0% used [0x00000000e0000000,0x00000000e0000000,0x00000000eab00000)
  from space 174592K, 10% used [0x00000000f5580000,0x00000000f677ea78,0x0000000100000000)
  to   space 174592K, 0% used [0x00000000eab00000,0x00000000eab00000,0x00000000f5580000)
 ParOldGen       total 728576K, used 406164K [0x00000000a0000000, 0x00000000cc780000, 0x00000000e0000000)
  object space 728576K, 55% used [0x00000000a0000000,0x00000000b8ca53b8,0x00000000cc780000)
 Metaspace       used 160684K, capacity 167680K, committed 171392K, reserved 1198080K
  class space    used 20189K, capacity 21467K, committed 22144K, reserved 1048576K
}
Event: 7195.110 GC heap before
{Heap before GC invocations=75 (full 6):
 PSYoungGen      total 349696K, used 193530K [0x00000000e0000000, 0x0000000100000000, 0x0000000100000000)
  eden space 175104K, 100% used [0x00000000e0000000,0x00000000eab00000,0x00000000eab00000)
  from space 174592K, 10% used [0x00000000f5580000,0x00000000f677ea78,0x0000000100000000)
  to   space 174592K, 0% used [0x00000000eab00000,0x00000000eab00000,0x00000000f5580000)
 ParOldGen       total 728576K, used 406164K [0x00000000a0000000, 0x00000000cc780000, 0x00000000e0000000)
  object space 728576K, 55% used [0x00000000a0000000,0x00000000b8ca53b8,0x00000000cc780000)
 Metaspace       used 160783K, capacity 167836K, committed 171392K, reserved 1198080K
  class space    used 20203K, capacity 21493K, committed 22144K, reserved 1048576K
Event: 7195.118 GC heap after
Heap after GC invocations=75 (full 6):
 PSYoungGen      total 176128K, used 800K [0x00000000e0000000, 0x00000000ff700000, 0x0000000100000000)
  eden space 175104K, 0% used [0x00000000e0000000,0x00000000e0000000,0x00000000eab00000)
  from space 1024K, 78% used [0x00000000eab00000,0x00000000eabc8020,0x00000000eac00000)
  to   space 169984K, 0% used [0x00000000f5100000,0x00000000f5100000,0x00000000ff700000)
 ParOldGen       total 728576K, used 406690K [0x00000000a0000000, 0x00000000cc780000, 0x00000000e0000000)
  object space 728576K, 55% used [0x00000000a0000000,0x00000000b8d28aa8,0x00000000cc780000)
 Metaspace       used 160783K, capacity 167836K, committed 171392K, reserved 1198080K
  class space    used 20203K, capacity 21493K, committed 22144K, reserved 1048576K
}
Event: 8470.846 GC heap before
{Heap before GC invocations=76 (full 6):
 PSYoungGen      total 176128K, used 175904K [0x00000000e0000000, 0x00000000ff700000, 0x0000000100000000)
  eden space 175104K, 100% used [0x00000000e0000000,0x00000000eab00000,0x00000000eab00000)
  from space 1024K, 78% used [0x00000000eab00000,0x00000000eabc8020,0x00000000eac00000)
  to   space 169984K, 0% used [0x00000000f5100000,0x00000000f5100000,0x00000000ff700000)
 ParOldGen       total 728576K, used 406690K [0x00000000a0000000, 0x00000000cc780000, 0x00000000e0000000)
  object space 728576K, 55% used [0x00000000a0000000,0x00000000b8d28aa8,0x00000000cc780000)
 Metaspace       used 161222K, capacity 168476K, committed 171392K, reserved 1198080K
  class space    used 20268K, capacity 21607K, committed 22144K, reserved 1048576K
Event: 8470.858 GC heap after
Heap after GC invocations=76 (full 6):
 PSYoungGen      total 352256K, used 12218K [0x00000000e0000000, 0x00000000ffd80000, 0x0000000100000000)
  eden space 182272K, 0% used [0x00000000e0000000,0x00000000e0000000,0x00000000eb200000)
  from space 169984K, 7% used [0x00000000f5100000,0x00000000f5ceeb30,0x00000000ff700000)
  to   space 162816K, 0% used [0x00000000eb200000,0x00000000eb200000,0x00000000f5100000)
 ParOldGen       total 728576K, used 407242K [0x00000000a0000000, 0x00000000cc780000, 0x00000000e0000000)
  object space 728576K, 55% used [0x00000000a0000000,0x00000000b8db2ae8,0x00000000cc780000)
 Metaspace       used 161222K, capacity 168476K, committed 171392K, reserved 1198080K
  class space    used 20268K, capacity 21607K, committed 22144K, reserved 1048576K
}
Event: 8471.940 GC heap before
{Heap before GC invocations=77 (full 6):
 PSYoungGen      total 352256K, used 194490K [0x00000000e0000000, 0x00000000ffd80000, 0x0000000100000000)
  eden space 182272K, 100% used [0x00000000e0000000,0x00000000eb200000,0x00000000eb200000)
  from space 169984K, 7% used [0x00000000f5100000,0x00000000f5ceeb30,0x00000000ff700000)
  to   space 162816K, 0% used [0x00000000eb200000,0x00000000eb200000,0x00000000f5100000)
 ParOldGen       total 728576K, used 407242K [0x00000000a0000000, 0x00000000cc780000, 0x00000000e0000000)
  object space 728576K, 55% used [0x00000000a0000000,0x00000000b8db2ae8,0x00000000cc780000)
 Metaspace       used 161376K, capacity 168648K, committed 171392K, reserved 1198080K
  class space    used 20282K, capacity 21647K, committed 22144K, reserved 1048576K

Deoptimization events (10 events):
Event: 8470.966 Thread 0x000000001cf61000 Uncommon trap: reason=unstable_if action=reinterpret pc=0x000000000572fb84 method=com.google.common.cache.LocalCache$Segment.getEntry(Ljava/lang/Object;I)Lcom/google/common/cache/ReferenceEntry; @ 56
Event: 8471.753 Thread 0x000000001cf61000 Uncommon trap: reason=array_check action=maybe_recompile pc=0x000000000890c3b4 method=java.util.ComparableTimSort.mergeHi(IIII)V @ 654
Event: 8471.754 Thread 0x000000001cf61000 Uncommon trap: reason=array_check action=maybe_recompile pc=0x0000000008efa278 method=java.util.ComparableTimSort.mergeLo(IIII)V @ 587
Event: 8471.754 Thread 0x000000001cf61000 Uncommon trap: reason=array_check action=maybe_recompile pc=0x0000000008efa198 method=java.util.ComparableTimSort.mergeLo(IIII)V @ 465
Event: 8471.754 Thread 0x000000001cf61000 Uncommon trap: reason=array_check action=maybe_recompile pc=0x0000000008efa198 method=java.util.ComparableTimSort.mergeLo(IIII)V @ 465
Event: 8471.754 Thread 0x000000001cf61000 Uncommon trap: reason=array_check action=maybe_recompile pc=0x000000000890c0fc method=java.util.ComparableTimSort.mergeHi(IIII)V @ 521
Event: 8471.755 Thread 0x000000001cf61000 Uncommon trap: reason=array_check action=maybe_recompile pc=0x0000000008006458 method=java.util.ComparableTimSort.mergeLo(IIII)V @ 465
Event: 8471.756 Thread 0x000000001cf61000 Uncommon trap: reason=array_check action=maybe_recompile pc=0x0000000004cd93cc method=java.util.ComparableTimSort.mergeHi(IIII)V @ 521
Event: 8471.799 Thread 0x000000001cf61000 Uncommon trap: reason=array_check action=maybe_recompile pc=0x0000000007166ff8 method=java.util.ComparableTimSort.mergeHi(IIII)V @ 171
Event: 8471.801 Thread 0x000000001cf61000 Uncommon trap: reason=array_check action=maybe_recompile pc=0x0000000007166ff8 method=java.util.ComparableTimSort.mergeHi(IIII)V @ 171

Internal exceptions (10 events):
Event: 8470.033 Thread 0x000000001a1a5000 Exception <a 'java/lang/NoSuchMethodError': <clinit>> (0x00000000e19c6330) thrown at [C:\re\workspace\8-2-build-windows-amd64-cygwin\jdk8u131\8869\hotspot\src\share\vm\prims\jni.cpp, line 1613]
Event: 8470.034 Thread 0x000000001a1a5000 Exception <a 'java/lang/NoSuchMethodError': <clinit>> (0x00000000e19d2940) thrown at [C:\re\workspace\8-2-build-windows-amd64-cygwin\jdk8u131\8869\hotspot\src\share\vm\prims\jni.cpp, line 1613]
Event: 8470.036 Thread 0x000000001a1a5000 Exception <a 'java/lang/NoSuchMethodError': <clinit>> (0x00000000e1a43f90) thrown at [C:\re\workspace\8-2-build-windows-amd64-cygwin\jdk8u131\8869\hotspot\src\share\vm\prims\jni.cpp, line 1613]
Event: 8470.037 Thread 0x000000001a1a5000 Exception <a 'java/lang/NoSuchMethodError': <clinit>> (0x00000000e1a47e70) thrown at [C:\re\workspace\8-2-build-windows-amd64-cygwin\jdk8u131\8869\hotspot\src\share\vm\prims\jni.cpp, line 1613]
Event: 8470.037 Thread 0x000000001a1a5000 Exception <a 'java/lang/NoSuchMethodError': <clinit>> (0x00000000e1a49978) thrown at [C:\re\workspace\8-2-build-windows-amd64-cygwin\jdk8u131\8869\hotspot\src\share\vm\prims\jni.cpp, line 1613]
Event: 8470.037 Thread 0x000000001a1a5000 Exception <a 'java/lang/NoSuchMethodError': <clinit>> (0x00000000e1a4b148) thrown at [C:\re\workspace\8-2-build-windows-amd64-cygwin\jdk8u131\8869\hotspot\src\share\vm\prims\jni.cpp, line 1613]
Event: 8470.037 Thread 0x000000001a1a5000 Exception <a 'java/lang/NoSuchMethodError': <clinit>> (0x00000000e1a4c7c8) thrown at [C:\re\workspace\8-2-build-windows-amd64-cygwin\jdk8u131\8869\hotspot\src\share\vm\prims\jni.cpp, line 1613]
Event: 8470.044 Thread 0x000000001a1a5000 Implicit null exception at 0x0000000004094541 to 0x0000000004094f9d
Event: 8470.044 Thread 0x000000001a1a5000 Implicit null exception at 0x0000000003f926e3 to 0x0000000003f92d35
Event: 8470.044 Thread 0x000000001a1a5000 Implicit null exception at 0x0000000005ccffe1 to 0x0000000005cd0a35

Events (10 events):
Event: 8471.770 Thread 0x000000001cf61000 DEOPT UNPACKING pc=0x000000000331787f sp=0x000000002dc1a830 mode 0
Event: 8471.796 Thread 0x000000001cf61000 DEOPT PACKING pc=0x0000000007c879f4 sp=0x000000002dc1aa30
Event: 8471.796 Thread 0x000000001cf61000 DEOPT UNPACKING pc=0x000000000331787f sp=0x000000002dc1a7d0 mode 0
Event: 8471.798 Thread 0x000000001cf61000 Uncommon trap: trap_request=0xffffffd6 fr.pc=0x0000000007166ff8
Event: 8471.799 Thread 0x000000001cf61000 DEOPT PACKING pc=0x0000000007166ff8 sp=0x000000002dc1a7e0
Event: 8471.799 Thread 0x000000001cf61000 DEOPT UNPACKING pc=0x000000000331582a sp=0x000000002dc1a7c8 mode 2
Event: 8471.801 Thread 0x000000001cf61000 Uncommon trap: trap_request=0xffffffd6 fr.pc=0x0000000007166ff8
Event: 8471.801 Thread 0x000000001cf61000 DEOPT PACKING pc=0x0000000007166ff8 sp=0x000000002dc1a7b0
Event: 8471.801 Thread 0x000000001cf61000 DEOPT UNPACKING pc=0x000000000331582a sp=0x000000002dc1a798 mode 2
Event: 8471.940 Executing VM operation: ParallelGCFailedAllocation


Dynamic libraries:
0x00007ff758ef0000 - 0x00007ff758f27000 	C:\Program Files\Java\jdk1.8.0_131\bin\java.exe
0x00007ffe51580000 - 0x00007ffe51770000 	C:\WINDOWS\SYSTEM32\ntdll.dll
0x00007ffe50820000 - 0x00007ffe508d2000 	C:\WINDOWS\System32\KERNEL32.DLL
0x00007ffe4f380000 - 0x00007ffe4f623000 	C:\WINDOWS\System32\KERNELBASE.dll
0x00007ffe4ff10000 - 0x00007ffe4ffb3000 	C:\WINDOWS\System32\ADVAPI32.dll
0x00007ffe4fca0000 - 0x00007ffe4fd3e000 	C:\WINDOWS\System32\msvcrt.dll
0x00007ffe4fbd0000 - 0x00007ffe4fc67000 	C:\WINDOWS\System32\sechost.dll
0x00007ffe50c30000 - 0x00007ffe50d50000 	C:\WINDOWS\System32\RPCRT4.dll
0x00007ffe50680000 - 0x00007ffe50814000 	C:\WINDOWS\System32\USER32.dll
0x00007ffe4f350000 - 0x00007ffe4f371000 	C:\WINDOWS\System32\win32u.dll
0x00007ffe4fc70000 - 0x00007ffe4fc96000 	C:\WINDOWS\System32\GDI32.dll
0x00007ffe4e810000 - 0x00007ffe4e9a4000 	C:\WINDOWS\System32\gdi32full.dll
0x00007ffe4e770000 - 0x00007ffe4e80e000 	C:\WINDOWS\System32\msvcp_win.dll
0x00007ffe4e610000 - 0x00007ffe4e70a000 	C:\WINDOWS\System32\ucrtbase.dll
0x00007ffe37480000 - 0x00007ffe37705000 	C:\WINDOWS\WinSxS\amd64_microsoft.windows.common-controls_6595b64144ccf1df_6.0.18362.535_none_e6c3b34713100821\COMCTL32.dll
0x00007ffe502e0000 - 0x00007ffe50616000 	C:\WINDOWS\System32\combase.dll
0x00007ffe4f2d0000 - 0x00007ffe4f350000 	C:\WINDOWS\System32\bcryptPrimitives.dll
0x00007ffe50030000 - 0x00007ffe5005e000 	C:\WINDOWS\System32\IMM32.DLL
0x00000000524b0000 - 0x0000000052582000 	C:\Program Files\Java\jdk1.8.0_131\jre\bin\msvcr100.dll
0x0000000051bd0000 - 0x000000005246c000 	C:\Program Files\Java\jdk1.8.0_131\jre\bin\server\jvm.dll
0x00007ffe50150000 - 0x00007ffe50158000 	C:\WINDOWS\System32\PSAPI.DLL
0x00007ffe47740000 - 0x00007ffe47749000 	C:\WINDOWS\SYSTEM32\WSOCK32.dll
0x00007ffe49170000 - 0x00007ffe49194000 	C:\WINDOWS\SYSTEM32\WINMM.dll
0x00007ffe4ffc0000 - 0x00007ffe5002f000 	C:\WINDOWS\System32\WS2_32.dll
0x00007ffe3f600000 - 0x00007ffe3f60a000 	C:\WINDOWS\SYSTEM32\VERSION.dll
0x00007ffe49140000 - 0x00007ffe4916d000 	C:\WINDOWS\SYSTEM32\winmmbase.dll
0x00007ffe4e510000 - 0x00007ffe4e55a000 	C:\WINDOWS\System32\cfgmgr32.dll
0x00000000524a0000 - 0x00000000524af000 	C:\Program Files\Java\jdk1.8.0_131\jre\bin\verify.dll
0x0000000051ba0000 - 0x0000000051bc9000 	C:\Program Files\Java\jdk1.8.0_131\jre\bin\java.dll
0x0000000051b80000 - 0x0000000051b96000 	C:\Program Files\Java\jdk1.8.0_131\jre\bin\zip.dll
0x00007ffe50e50000 - 0x00007ffe51535000 	C:\WINDOWS\System32\SHELL32.dll
0x00007ffe4fb20000 - 0x00007ffe4fbc9000 	C:\WINDOWS\System32\shcore.dll
0x00007ffe4eb30000 - 0x00007ffe4f2af000 	C:\WINDOWS\System32\windows.storage.dll
0x00007ffe4e4f0000 - 0x00007ffe4e50f000 	C:\WINDOWS\System32\profapi.dll
0x00007ffe4e480000 - 0x00007ffe4e4ca000 	C:\WINDOWS\System32\powrprof.dll
0x00007ffe4e450000 - 0x00007ffe4e460000 	C:\WINDOWS\System32\UMPDC.dll
0x00007ffe50df0000 - 0x00007ffe50e42000 	C:\WINDOWS\System32\shlwapi.dll
0x00007ffe4e460000 - 0x00007ffe4e471000 	C:\WINDOWS\System32\kernel.appcore.dll
0x00007ffe4f2b0000 - 0x00007ffe4f2c7000 	C:\WINDOWS\System32\cryptsp.dll
0x0000000051b60000 - 0x0000000051b7a000 	C:\Program Files\Java\jdk1.8.0_131\jre\bin\net.dll
0x00007ffe4dcc0000 - 0x00007ffe4dd27000 	C:\WINDOWS\system32\mswsock.dll
0x0000000051b40000 - 0x0000000051b51000 	C:\Program Files\Java\jdk1.8.0_131\jre\bin\nio.dll
0x00007ffe359c0000 - 0x00007ffe359e6000 	C:\Users\Bin\.gradle\native\29\windows-amd64\native-platform.dll
0x0000000052490000 - 0x000000005249d000 	C:\Program Files\Java\jdk1.8.0_131\jre\bin\management.dll
0x00007ffe4d830000 - 0x00007ffe4d863000 	C:\WINDOWS\system32\rsaenh.dll
0x00007ffe4eb00000 - 0x00007ffe4eb26000 	C:\WINDOWS\System32\bcrypt.dll
0x00007ffe4e370000 - 0x00007ffe4e395000 	C:\WINDOWS\SYSTEM32\USERENV.dll
0x00007ffe4de90000 - 0x00007ffe4de9c000 	C:\WINDOWS\SYSTEM32\CRYPTBASE.dll
0x00007ffe4d9d0000 - 0x00007ffe4da0a000 	C:\WINDOWS\SYSTEM32\IPHLPAPI.DLL
0x00007ffe50140000 - 0x00007ffe50148000 	C:\WINDOWS\System32\NSI.dll
0x00007ffe44a90000 - 0x00007ffe44aa6000 	C:\WINDOWS\SYSTEM32\dhcpcsvc6.DLL
0x00007ffe449d0000 - 0x00007ffe449ec000 	C:\WINDOWS\SYSTEM32\dhcpcsvc.DLL
0x00007ffe4da10000 - 0x00007ffe4dada000 	C:\WINDOWS\SYSTEM32\DNSAPI.dll
0x0000000051b10000 - 0x0000000051b34000 	C:\Program Files\Java\jdk1.8.0_131\jre\bin\sunec.dll
0x00007ffe42d50000 - 0x00007ffe42d5a000 	C:\Windows\System32\rasadhlp.dll
0x00007ffe44710000 - 0x00007ffe44787000 	C:\WINDOWS\System32\fwpuclnt.dll
0x0000000051b00000 - 0x0000000051b0b000 	C:\Program Files\Java\jdk1.8.0_131\jre\bin\sunmscapi.dll
0x00007ffe4e9b0000 - 0x00007ffe4eaf9000 	C:\WINDOWS\System32\CRYPT32.dll
0x00007ffe4e4d0000 - 0x00007ffe4e4e2000 	C:\WINDOWS\System32\MSASN1.dll
0x00007ffe49370000 - 0x00007ffe493ff000 	C:\WINDOWS\system32\apphelp.dll
0x00007ffe49de0000 - 0x00007ffe49fd4000 	C:\WINDOWS\SYSTEM32\dbghelp.dll

VM Arguments:
jvm_args: -Xmx1536m -Dfile.encoding=windows-1252 -Duser.country=CN -Duser.language=zh -Duser.variant 
java_command: org.gradle.launcher.daemon.bootstrap.GradleDaemon 5.4.1
java_class_path (initial): C:\Users\Bin\.gradle\wrapper\dists\gradle-5.4.1-all\3221gyojl5jsh0helicew7rwx\gradle-5.4.1\lib\gradle-launcher-5.4.1.jar
Launcher Type: SUN_STANDARD

Environment Variables:
JAVA_HOME=C:\Program Files\Java\jdk1.8.0_131
CLASSPATH=.;C:\Program Files\Java\jdk1.8.0_131\lib\dt.jar;C:\Program Files\Java\jdk1.8.0_131\lib\tools.jar;
PATH=C:\Program Files (x86)\Common Files\Intel\Shared Libraries\redist\intel64_win\compiler;C:\ProgramData\Oracle\Java\javapath;C:\Program Files (x86)\Intel\Intel(R) Management Engine Components\iCLS\;C:\Program Files\Intel\Intel(R) Management Engine Components\iCLS\;C:\Windows\system32;C:\Windows;C:\Windows\System32\Wbem;C:\Windows\System32\WindowsPowerShell\v1.0\;C:\Windows\System32\OpenSSH\;C:\Program Files (x86)\Intel\Intel(R) Management Engine Components\DAL;C:\Program Files\Intel\Intel(R) Management Engine Components\DAL;C:\Program Files (x86)\Intel\Intel(R) Management Engine Components\IPT;C:\Program Files\Intel\Intel(R) Management Engine Components\IPT;C:\Program Files (x86)\NVIDIA Corporation\PhysX\Common;C:\Program Files (x86)\Microsoft SQL Server\100\Tools\Binn\;C:\Program Files\Microsoft SQL Server\100\Tools\Binn\;C:\Program Files\Microsoft SQL Server\100\DTS\Binn\;C:\Program Files (x86)\Microsoft SQL Server\100\Tools\Binn\VSShell\Common7\IDE\;C:\Program Files (x86)\Microsoft Visual Studio 9.0\Common7\IDE\PrivateAssemblies\;C:\Program Files (x86)\Microsoft SQL Server\100\DTS\Binn\;C:\Program Files\Java\jdk1.8.0_131\bin;D:\maven\apache-maven-3.3.9\bin;C:\Users\Bin\.gradle\wrapper\dists\gradle-4.4-all\9br9xq1tocpiv8o6njlyu5op1\gradle-4.4\bin;d:\Git\cmd;D:\AndroidSdk\Sdk\platform-tools;D:\apktool;D:\MySQL\mysql-5.7.25-winx64\bin;;C:\WINDOWS\system32;C:\WINDOWS;C:\WINDOWS\System32\Wbem;C:\WINDOWS\System32\WindowsPowerShell\v1.0\;C:\WINDOWS\System32\OpenSSH\;C:\Users\Bin\AppData\Local\Microsoft\WindowsApps;
USERNAME=Bin
OS=Windows_NT
PROCESSOR_IDENTIFIER=Intel64 Family 6 Model 142 Stepping 10, GenuineIntel



---------------  S Y S T E M  ---------------

OS: Windows 10.0 , 64 bit Build 18362 (10.0.18362.329)

CPU:total 8 (initial active 8) (4 cores per cpu, 2 threads per core) family 6 model 142 stepping 10, cmov, cx8, fxsr, mmx, sse, sse2, sse3, ssse3, sse4.1, sse4.2, popcnt, avx, avx2, aes, clmul, erms, 3dnowpref, lzcnt, ht, tsc, tscinvbit, bmi1, bmi2, adx

Memory: 4k page, physical 16681188k(7233216k free), swap 19695844k(6551100k free)

vm_info: Java HotSpot(TM) 64-Bit Server VM (25.131-b11) for windows-amd64 JRE (1.8.0_131-b11), built on Mar 15 2017 01:23:53 by "java_re" with MS VC++ 10.0 (VS2010)

time: Sat Dec 21 11:37:00 2019
elapsed time: 8471 seconds (0d 2h 21m 11s)

