#
# A fatal error has been detected by the Java Runtime Environment:
#
#  EXCEPTION_ACCESS_VIOLATION (0xc0000005) at pc=0x0000000076dcf53a, pid=6700, tid=0x00000000000011dc
#
# JRE version: Java(TM) SE Runtime Environment (8.0_131-b11) (build 1.8.0_131-b11)
# Java VM: Java HotSpot(TM) 64-Bit Server VM (25.131-b11 mixed mode windows-amd64 compressed oops)
# Problematic frame:
# V  [jvm.dll+0x10f53a]
#
# Failed to write core dump. Minidumps are not enabled by default on client versions of Windows
#
# If you would like to submit a bug report, please visit:
#   http://bugreport.java.com/bugreport/crash.jsp
#

---------------  T H R E A D  ---------------

Current thread (0x0000000018423000):  JavaThread "C1 CompilerThread3" daemon [_thread_in_vm, id=4572, stack(0x0000000018e90000,0x0000000018f90000)]

siginfo: ExceptionCode=0xc0000005, reading address 0x000000011f6274e0

Registers:
RAX=0x000000011f627298, RBX=0x000000010037fe01, RCX=0x000000000000003f, RDX=0x000000000000000b
RSP=0x0000000018f8e5f8, RBP=0x000000001f628020, RSI=0x0000000000000052, RDI=0x0000000002663330
R8 =0x000000000000000d, R9 =0x000000000000000a, R10=0x000000000267dba0, R11=0x0000000018f8e8f0
R12=0x000000001ce12c20, R13=0x000000010037fea8, R14=0x0000000002663330, R15=0x0000000018f8e860
RIP=0x0000000076dcf53a, EFLAGS=0x0000000000010203

Top of Stack: (sp=0x0000000018f8e5f8)
0x0000000018f8e5f8:   0000000018423000 000000001ce12c20
0x0000000018f8e608:   0000000076d7d9ce 000000010037fea8
0x0000000018f8e618:   0000000002663330 000000001ce12c20
0x0000000018f8e628:   0000000018f8e860 0000000000000000
0x0000000018f8e638:   0000000076d7fd37 000000010037fea8
0x0000000018f8e648:   000000010037fea8 000000010037fea8
0x0000000018f8e658:   0000000000000000 0000000018f8ee01
0x0000000018f8e668:   000000001cc0e500 0000000018423000
0x0000000018f8e678:   00000000281cba90 00000000281cbac0
0x0000000018f8e688:   0000000076dad04b 000000001ce12c20
0x0000000018f8e698:   0000000002663330 00000000281cbb80
0x0000000018f8e6a8:   0000000076cef3e5 0000000000000003
0x0000000018f8e6b8:   0000000076dfbbec 0000000000000000
0x0000000018f8e6c8:   000000000265fa00 000000000000002a
0x0000000018f8e6d8:   0000000076dce665 000000001f627fc0
0x0000000018f8e6e8:   0000000000000000 000000001f627298 

Instructions: (pc=0x0000000076dcf53a)
0x0000000076dcf51a:   c0 78 44 0f 1f 00 43 8d 14 08 d1 fa 48 63 c2 48
0x0000000076dcf52a:   8b 4c c5 08 48 8b 41 08 0f b7 48 22 48 8b 40 08
0x0000000076dcf53a:   4c 8b 54 c8 50 4c 3b d7 72 14 33 c0 4c 3b d7 0f
0x0000000076dcf54a:   95 c0 85 c0 74 40 78 06 44 8d 42 ff eb 04 44 8d 


Register to memory mapping:

RAX=0x000000011f627298 is an unknown value
RBX=0x000000010037fe01 is pointing into metadata
RCX=0x000000000000003f is an unknown value
RDX=0x000000000000000b is an unknown value
RSP=0x0000000018f8e5f8 is pointing into the stack for thread: 0x0000000018423000
RBP=0x000000001f628020 is pointing into metadata
RSI=0x0000000000000052 is an unknown value
RDI=0x0000000002663330 is an unknown value
R8 =0x000000000000000d is an unknown value
R9 =0x000000000000000a is an unknown value
R10=0x000000000267dba0 is an unknown value
R11=0x0000000018f8e8f0 is pointing into the stack for thread: 0x0000000018423000
R12=0x000000001ce12c20 is an unknown value
R13=0x000000010037fea8 is pointing into metadata
R14=0x0000000002663330 is an unknown value
R15=0x0000000018f8e860 is pointing into the stack for thread: 0x0000000018423000


Stack: [0x0000000018e90000,0x0000000018f90000],  sp=0x0000000018f8e5f8,  free space=1017k
Native frames: (J=compiled Java code, j=interpreted, Vv=VM code, C=native code)
V  [jvm.dll+0x10f53a]
V  [jvm.dll+0xbd9ce]
V  [jvm.dll+0xbfd37]
V  [jvm.dll+0xc05a5]
V  [jvm.dll+0x30401]
V  [jvm.dll+0x3072b]
V  [jvm.dll+0x3088a]
V  [jvm.dll+0x4827d]
V  [jvm.dll+0x41c218]
V  [jvm.dll+0x41f587]
V  [jvm.dll+0x41fe7d]
V  [jvm.dll+0x420272]
V  [jvm.dll+0x425345]
V  [jvm.dll+0x425450]
V  [jvm.dll+0x40eba8]
V  [jvm.dll+0x40ee11]
V  [jvm.dll+0x40efd2]
V  [jvm.dll+0x40f1a1]
V  [jvm.dll+0x40f3af]
V  [jvm.dll+0xa5de2]
V  [jvm.dll+0xa671f]
V  [jvm.dll+0x24537f]
V  [jvm.dll+0x29cc1a]
C  [msvcr100.dll+0x21d9f]
C  [msvcr100.dll+0x21e3b]
C  [KERNEL32.DLL+0x17bd4]
C  [ntdll.dll+0x6ced1]


Current CompileTask:
C1:  29619 16642       3       java.math.MutableBigInteger::subtract (226 bytes)


---------------  P R O C E S S  ---------------

Java Threads: ( => current thread )
  0x000000001e49d000 JavaThread "pool-2-thread-2" [_thread_blocked, id=12932, stack(0x00000000329f0000,0x0000000032af0000)]
  0x000000001e491000 JavaThread "WorkerExecutor Queue Thread 8" [_thread_blocked, id=2736, stack(0x00000000328f0000,0x00000000329f0000)]
  0x00000000281ba000 JavaThread "WorkerExecutor Queue Thread 7" [_thread_blocked, id=11776, stack(0x0000000030590000,0x0000000030690000)]
  0x00000000281bc800 JavaThread "WorkerExecutor Queue Thread 6" [_thread_blocked, id=14640, stack(0x00000000306a0000,0x00000000307a0000)]
  0x00000000281ba800 JavaThread "WorkerExecutor Queue Thread 5" [_thread_blocked, id=15460, stack(0x000000002ee90000,0x000000002ef90000)]
  0x00000000281b8800 JavaThread "WorkerExecutor Queue Thread 4" [_thread_in_vm, id=18896, stack(0x000000002ed90000,0x000000002ee90000)]
  0x000000001e49f800 JavaThread "WorkerExecutor Queue Thread 3" [_thread_blocked, id=12076, stack(0x000000002ec90000,0x000000002ed90000)]
  0x000000001e49e800 JavaThread "WorkerExecutor Queue Thread 2" [_thread_blocked, id=9168, stack(0x000000002eb90000,0x000000002ec90000)]
  0x000000001e49e000 JavaThread "WorkerExecutor Queue" [_thread_blocked, id=7596, stack(0x000000002da90000,0x000000002db90000)]
  0x000000001e496800 JavaThread "Cache worker for execution history cache (D:\AndroidProject\andoucode\.gradle\5.4.1\executionHistory)" [_thread_blocked, id=1420, stack(0x00000000261d0000,0x00000000262d0000)]
  0x000000001e495000 JavaThread "Execution worker for ':' Thread 7" [_thread_blocked, id=21216, stack(0x0000000024f00000,0x0000000025000000)]
  0x000000001e494000 JavaThread "Execution worker for ':' Thread 6" [_thread_blocked, id=18264, stack(0x0000000024e00000,0x0000000024f00000)]
  0x000000001e493800 JavaThread "Execution worker for ':' Thread 5" [_thread_blocked, id=6028, stack(0x0000000024d00000,0x0000000024e00000)]
  0x000000001e491800 JavaThread "Execution worker for ':' Thread 4" [_thread_blocked, id=20908, stack(0x0000000024c00000,0x0000000024d00000)]
  0x000000001e495800 JavaThread "Execution worker for ':' Thread 3" [_thread_blocked, id=6872, stack(0x0000000024b00000,0x0000000024c00000)]
  0x000000001e497000 JavaThread "Execution worker for ':' Thread 2" [_thread_blocked, id=19076, stack(0x0000000024a00000,0x0000000024b00000)]
  0x000000001cb98800 JavaThread "Execution worker for ':'" [_thread_blocked, id=2396, stack(0x0000000024900000,0x0000000024a00000)]
  0x000000001cb91000 JavaThread "Cache worker for file content cache (D:\AndroidProject\andoucode\.gradle\5.4.1\fileContent)" [_thread_blocked, id=16864, stack(0x0000000024190000,0x0000000024290000)]
  0x000000001cb93000 JavaThread "Cache worker for file content cache (C:\Users\Bin\.gradle\caches\5.4.1\fileContent)" [_thread_blocked, id=4816, stack(0x0000000024090000,0x0000000024190000)]
  0x000000001cb97000 JavaThread "Memory manager" [_thread_blocked, id=8612, stack(0x0000000023760000,0x0000000023860000)]
  0x000000001cb90000 JavaThread "Cache worker for Build Output Cleanup Cache (D:\AndroidProject\andoucode\.gradle\buildOutputCleanup)" [_thread_blocked, id=17580, stack(0x0000000023460000,0x0000000023560000)]
  0x000000001cb95800 JavaThread "Build operations Thread 8" [_thread_blocked, id=21268, stack(0x0000000022d60000,0x0000000022e60000)]
  0x000000001cb8f800 JavaThread "Build operations Thread 7" [_thread_blocked, id=4060, stack(0x0000000022c60000,0x0000000022d60000)]
  0x000000001cb94800 JavaThread "Build operations Thread 6" [_thread_blocked, id=21132, stack(0x0000000022b60000,0x0000000022c60000)]
  0x000000001cb89800 JavaThread "Build operations Thread 5" [_thread_blocked, id=3924, stack(0x0000000022a60000,0x0000000022b60000)]
  0x000000001cb8b800 JavaThread "Build operations Thread 4" [_thread_blocked, id=18900, stack(0x0000000022960000,0x0000000022a60000)]
  0x000000001cb8a000 JavaThread "Build operations Thread 3" [_thread_blocked, id=16892, stack(0x0000000022860000,0x0000000022960000)]
  0x000000001cb8e800 JavaThread "Build operations Thread 2" [_thread_blocked, id=20936, stack(0x0000000022760000,0x0000000022860000)]
  0x000000001cb8e000 JavaThread "Build operations" [_thread_blocked, id=15120, stack(0x00000000210e0000,0x00000000211e0000)]
  0x000000001cb8d000 JavaThread "Cache worker for execution history cache (C:\Users\Bin\.gradle\caches\5.4.1\executionHistory)" [_thread_blocked, id=2824, stack(0x0000000022460000,0x0000000022560000)]
  0x000000001cb8c800 JavaThread "Cache worker for cache directory md-rule (C:\Users\Bin\.gradle\caches\5.4.1\md-rule)" [_thread_blocked, id=4240, stack(0x0000000020fe0000,0x00000000210e0000)]
  0x000000001cb8b000 JavaThread "Cache worker for cache directory md-supplier (C:\Users\Bin\.gradle\caches\5.4.1\md-supplier)" [_thread_blocked, id=16336, stack(0x0000000020a30000,0x0000000020b30000)]
  0x000000001841e800 JavaThread "Cache worker for file hash cache (D:\AndroidProject\andoucode\.gradle\5.4.1\fileHashes)" [_thread_blocked, id=14248, stack(0x000000001e2f0000,0x000000001e3f0000)]
  0x000000001841d800 JavaThread "Cache worker for journal cache (C:\Users\Bin\.gradle\caches\journal-1)" [_thread_blocked, id=9084, stack(0x000000001be50000,0x000000001bf50000)]
  0x000000001841d000 JavaThread "File lock request listener" [_thread_in_native, id=7724, stack(0x000000001bd50000,0x000000001be50000)]
  0x000000001841c000 JavaThread "Cache worker for file hash cache (C:\Users\Bin\.gradle\caches\5.4.1\fileHashes)" [_thread_blocked, id=8232, stack(0x000000001bc50000,0x000000001bd50000)]
  0x000000001a4b5000 JavaThread "Thread-9" [_thread_blocked, id=12492, stack(0x000000001bb50000,0x000000001bc50000)]
  0x000000001a25d000 JavaThread "Stdin handler" [_thread_blocked, id=18128, stack(0x000000001ba50000,0x000000001bb50000)]
  0x000000001a25c800 JavaThread "Asynchronous log dispatcher for DefaultDaemonConnection: socket connection from /127.0.0.1:5784 to /127.0.0.1:5785" [_thread_blocked, id=10676, stack(0x000000001b850000,0x000000001b950000)]
  0x000000001a16d800 JavaThread "Daemon worker" [_thread_blocked, id=20680, stack(0x000000001b750000,0x000000001b850000)]
  0x000000001a177000 JavaThread "Cancel handler" [_thread_blocked, id=17436, stack(0x000000001b650000,0x000000001b750000)]
  0x000000001a351800 JavaThread "Handler for socket connection from /127.0.0.1:5784 to /127.0.0.1:5785" [_thread_in_native, id=13664, stack(0x000000001b350000,0x000000001b450000)]
  0x000000001a34b800 JavaThread "Daemon" [_thread_blocked, id=10540, stack(0x000000001b250000,0x000000001b350000)]
  0x000000001a33b800 JavaThread "Daemon periodic checks" [_thread_blocked, id=20732, stack(0x000000001b150000,0x000000001b250000)]
  0x000000001a332800 JavaThread "Incoming local TCP Connector on port 5784" [_thread_in_native, id=20408, stack(0x000000001afa0000,0x000000001b0a0000)]
  0x0000000019f9f000 JavaThread "Daemon health stats" [_thread_blocked, id=16636, stack(0x000000001a960000,0x000000001aa60000)]
  0x00000000184a1000 JavaThread "Service Thread" daemon [_thread_blocked, id=16740, stack(0x0000000018f90000,0x0000000019090000)]
=>0x0000000018423000 JavaThread "C1 CompilerThread3" daemon [_thread_in_vm, id=4572, stack(0x0000000018e90000,0x0000000018f90000)]
  0x000000001650c800 JavaThread "C2 CompilerThread2" daemon [_thread_in_native, id=16124, stack(0x0000000018d90000,0x0000000018e90000)]
  0x0000000018413000 JavaThread "C2 CompilerThread1" daemon [_thread_in_native, id=8836, stack(0x0000000018c90000,0x0000000018d90000)]
  0x000000001840e800 JavaThread "C2 CompilerThread0" daemon [_thread_in_native, id=10296, stack(0x0000000018b90000,0x0000000018c90000)]
  0x000000001840c800 JavaThread "Attach Listener" daemon [_thread_blocked, id=15356, stack(0x0000000018a90000,0x0000000018b90000)]
  0x000000001840b000 JavaThread "Signal Dispatcher" daemon [_thread_blocked, id=5932, stack(0x0000000018990000,0x0000000018a90000)]
  0x000000000270e000 JavaThread "Finalizer" daemon [_thread_blocked, id=3952, stack(0x00000000187e0000,0x00000000188e0000)]
  0x00000000164fd800 JavaThread "Reference Handler" daemon [_thread_blocked, id=6256, stack(0x00000000182e0000,0x00000000183e0000)]
  0x0000000000c4e000 JavaThread "main" [_thread_blocked, id=9852, stack(0x00000000024e0000,0x00000000025e0000)]

Other Threads:
  0x00000000164f8800 VMThread [stack: 0x00000000181e0000,0x00000000182e0000] [id=13168]
  0x00000000184e4000 WatcherThread [stack: 0x0000000019090000,0x0000000019190000] [id=21016]

VM state:not at safepoint (normal execution)

VM Mutex/Monitor currently owned by a thread: None

Heap:
 PSYoungGen      total 425984K, used 389455K [0x00000000e0000000, 0x0000000100000000, 0x0000000100000000)
  eden space 362496K, 90% used [0x00000000e0000000,0x00000000f3ebfe70,0x00000000f6200000)
  from space 63488K, 99% used [0x00000000f6200000,0x00000000f9f93e68,0x00000000fa000000)
  to   space 88576K, 0% used [0x00000000fa980000,0x00000000fa980000,0x0000000100000000)
 ParOldGen       total 575488K, used 221091K [0x00000000a0000000, 0x00000000c3200000, 0x00000000e0000000)
  object space 575488K, 38% used [0x00000000a0000000,0x00000000ad7e8d40,0x00000000c3200000)
 Metaspace       used 76357K, capacity 79838K, committed 80768K, reserved 1118208K
  class space    used 10393K, capacity 11120K, committed 11392K, reserved 1048576K

Card table byte_map: [0x0000000011ae0000,0x0000000011df0000] byte_map_base: 0x00000000115e0000

Marking Bits: (ParMarkBitMap*) 0x00000000774dc720
 Begin Bits: [0x00000000127f0000, 0x0000000013ff0000)
 End Bits:   [0x0000000013ff0000, 0x00000000157f0000)

Polling page: 0x00000000025e0000

CodeCache: size=245760Kb used=43218Kb max_used=43793Kb free=202541Kb
 bounds [0x0000000002720000, 0x0000000005230000, 0x0000000011720000]
 total_blobs=14402 nmethods=13559 adapters=751
 compilation: enabled

Compilation events (10 events):
Event: 29.584 Thread 0x0000000018423000 nmethod 16637 0x0000000003fea3d0 code [0x0000000003fea560, 0x0000000003fea9e8]
Event: 29.585 Thread 0x0000000018413000 nmethod 16614 0x0000000004a81510 code [0x0000000004a81660, 0x0000000004a81a28]
Event: 29.585 Thread 0x0000000018413000 16638       4       java.util.Base64$Encoder::encode0 (476 bytes)
Event: 29.588 Thread 0x0000000018423000 16639       3       java.math.MutableBigInteger::add (346 bytes)
Event: 29.589 Thread 0x0000000018423000 nmethod 16639 0x0000000003fe9250 code [0x0000000003fe9420, 0x0000000003fe9de8]
Event: 29.589 Thread 0x0000000018423000 16640       3       java.math.MutableBigInteger::primitiveRightShift (80 bytes)
Event: 29.590 Thread 0x0000000018423000 nmethod 16640 0x0000000004a83250 code [0x0000000004a833c0, 0x0000000004a83670]
Event: 29.590 Thread 0x0000000018423000 16642       3       java.math.MutableBigInteger::subtract (226 bytes)
Event: 29.591 Thread 0x0000000018413000 nmethod 16638 0x0000000004a7f290 code [0x0000000004a7f3e0, 0x0000000004a7fab8]
Event: 29.591 Thread 0x0000000018413000 16636       4       java.io.OutputStream::write (9 bytes)

GC Heap History (10 events):
Event: 22.814 GC heap before
{Heap before GC invocations=42 (full 4):
 PSYoungGen      total 493056K, used 493029K [0x00000000e0000000, 0x0000000100000000, 0x0000000100000000)
  eden space 464896K, 100% used [0x00000000e0000000,0x00000000fc600000,0x00000000fc600000)
  from space 28160K, 99% used [0x00000000fc600000,0x00000000fe1797f0,0x00000000fe180000)
  to   space 31232K, 0% used [0x00000000fe180000,0x00000000fe180000,0x0000000100000000)
 ParOldGen       total 430592K, used 260826K [0x00000000a0000000, 0x00000000ba480000, 0x00000000e0000000)
  object space 430592K, 60% used [0x00000000a0000000,0x00000000afeb6940,0x00000000ba480000)
 Metaspace       used 73265K, capacity 76352K, committed 77824K, reserved 1116160K
  class space    used 10005K, capacity 10679K, committed 11008K, reserved 1048576K
Event: 22.848 GC heap after
Heap after GC invocations=42 (full 4):
 PSYoungGen      total 470528K, used 24833K [0x00000000e0000000, 0x0000000100000000, 0x0000000100000000)
  eden space 439296K, 0% used [0x00000000e0000000,0x00000000e0000000,0x00000000fad00000)
  from space 31232K, 79% used [0x00000000fe180000,0x00000000ff9c0510,0x0000000100000000)
  to   space 42496K, 0% used [0x00000000fad00000,0x00000000fad00000,0x00000000fd680000)
 ParOldGen       total 430592K, used 283220K [0x00000000a0000000, 0x00000000ba480000, 0x00000000e0000000)
  object space 430592K, 65% used [0x00000000a0000000,0x00000000b14952b0,0x00000000ba480000)
 Metaspace       used 73265K, capacity 76352K, committed 77824K, reserved 1116160K
  class space    used 10005K, capacity 10679K, committed 11008K, reserved 1048576K
}
Event: 24.050 GC heap before
{Heap before GC invocations=43 (full 4):
 PSYoungGen      total 470528K, used 464008K [0x00000000e0000000, 0x0000000100000000, 0x0000000100000000)
  eden space 439296K, 99% used [0x00000000e0000000,0x00000000face1b08,0x00000000fad00000)
  from space 31232K, 79% used [0x00000000fe180000,0x00000000ff9c0510,0x0000000100000000)
  to   space 42496K, 0% used [0x00000000fad00000,0x00000000fad00000,0x00000000fd680000)
 ParOldGen       total 430592K, used 283220K [0x00000000a0000000, 0x00000000ba480000, 0x00000000e0000000)
  object space 430592K, 65% used [0x00000000a0000000,0x00000000b14952b0,0x00000000ba480000)
 Metaspace       used 73331K, capacity 76488K, committed 78080K, reserved 1116160K
  class space    used 10005K, capacity 10679K, committed 11008K, reserved 1048576K
Event: 24.071 GC heap after
Heap after GC invocations=43 (full 4):
 PSYoungGen      total 481792K, used 8201K [0x00000000e0000000, 0x0000000100000000, 0x0000000100000000)
  eden space 439296K, 0% used [0x00000000e0000000,0x00000000e0000000,0x00000000fad00000)
  from space 42496K, 19% used [0x00000000fad00000,0x00000000fb502630,0x00000000fd680000)
  to   space 41984K, 0% used [0x00000000fd700000,0x00000000fd700000,0x0000000100000000)
 ParOldGen       total 430592K, used 299635K [0x00000000a0000000, 0x00000000ba480000, 0x00000000e0000000)
  object space 430592K, 69% used [0x00000000a0000000,0x00000000b249cf40,0x00000000ba480000)
 Metaspace       used 73331K, capacity 76488K, committed 78080K, reserved 1116160K
  class space    used 10005K, capacity 10679K, committed 11008K, reserved 1048576K
}
Event: 25.613 GC heap before
{Heap before GC invocations=44 (full 4):
 PSYoungGen      total 481792K, used 447497K [0x00000000e0000000, 0x0000000100000000, 0x0000000100000000)
  eden space 439296K, 100% used [0x00000000e0000000,0x00000000fad00000,0x00000000fad00000)
  from space 42496K, 19% used [0x00000000fad00000,0x00000000fb502630,0x00000000fd680000)
  to   space 41984K, 0% used [0x00000000fd700000,0x00000000fd700000,0x0000000100000000)
 ParOldGen       total 430592K, used 299635K [0x00000000a0000000, 0x00000000ba480000, 0x00000000e0000000)
  object space 430592K, 69% used [0x00000000a0000000,0x00000000b249cf40,0x00000000ba480000)
 Metaspace       used 74412K, capacity 77714K, committed 78976K, reserved 1118208K
  class space    used 10143K, capacity 10858K, committed 11136K, reserved 1048576K
Event: 25.738 GC heap after
Heap after GC invocations=44 (full 4):
 PSYoungGen      total 404480K, used 41967K [0x00000000e0000000, 0x0000000100000000, 0x0000000100000000)
  eden space 362496K, 0% used [0x00000000e0000000,0x00000000e0000000,0x00000000f6200000)
  from space 41984K, 99% used [0x00000000fd700000,0x00000000ffffbed0,0x0000000100000000)
  to   space 80896K, 0% used [0x00000000f6200000,0x00000000f6200000,0x00000000fb100000)
 ParOldGen       total 430592K, used 387384K [0x00000000a0000000, 0x00000000ba480000, 0x00000000e0000000)
  object space 430592K, 89% used [0x00000000a0000000,0x00000000b7a4e258,0x00000000ba480000)
 Metaspace       used 74412K, capacity 77714K, committed 78976K, reserved 1118208K
  class space    used 10143K, capacity 10858K, committed 11136K, reserved 1048576K
}
Event: 25.738 GC heap before
{Heap before GC invocations=45 (full 5):
 PSYoungGen      total 404480K, used 41967K [0x00000000e0000000, 0x0000000100000000, 0x0000000100000000)
  eden space 362496K, 0% used [0x00000000e0000000,0x00000000e0000000,0x00000000f6200000)
  from space 41984K, 99% used [0x00000000fd700000,0x00000000ffffbed0,0x0000000100000000)
  to   space 80896K, 0% used [0x00000000f6200000,0x00000000f6200000,0x00000000fb100000)
 ParOldGen       total 430592K, used 387384K [0x00000000a0000000, 0x00000000ba480000, 0x00000000e0000000)
  object space 430592K, 89% used [0x00000000a0000000,0x00000000b7a4e258,0x00000000ba480000)
 Metaspace       used 74412K, capacity 77714K, committed 78976K, reserved 1118208K
  class space    used 10143K, capacity 10858K, committed 11136K, reserved 1048576K
Event: 26.402 GC heap after
Heap after GC invocations=45 (full 5):
 PSYoungGen      total 404480K, used 0K [0x00000000e0000000, 0x0000000100000000, 0x0000000100000000)
  eden space 362496K, 0% used [0x00000000e0000000,0x00000000e0000000,0x00000000f6200000)
  from space 41984K, 0% used [0x00000000fd700000,0x00000000fd700000,0x0000000100000000)
  to   space 80896K, 0% used [0x00000000f6200000,0x00000000f6200000,0x00000000fb100000)
 ParOldGen       total 575488K, used 221091K [0x00000000a0000000, 0x00000000c3200000, 0x00000000e0000000)
  object space 575488K, 38% used [0x00000000a0000000,0x00000000ad7e8d40,0x00000000c3200000)
 Metaspace       used 74371K, capacity 77594K, committed 78976K, reserved 1118208K
  class space    used 10128K, capacity 10832K, committed 11136K, reserved 1048576K
}
Event: 28.099 GC heap before
{Heap before GC invocations=46 (full 5):
 PSYoungGen      total 404480K, used 362496K [0x00000000e0000000, 0x0000000100000000, 0x0000000100000000)
  eden space 362496K, 100% used [0x00000000e0000000,0x00000000f6200000,0x00000000f6200000)
  from space 41984K, 0% used [0x00000000fd700000,0x00000000fd700000,0x0000000100000000)
  to   space 80896K, 0% used [0x00000000f6200000,0x00000000f6200000,0x00000000fb100000)
 ParOldGen       total 575488K, used 221091K [0x00000000a0000000, 0x00000000c3200000, 0x00000000e0000000)
  object space 575488K, 38% used [0x00000000a0000000,0x00000000ad7e8d40,0x00000000c3200000)
 Metaspace       used 74518K, capacity 77756K, committed 78976K, reserved 1118208K
  class space    used 10136K, capacity 10839K, committed 11136K, reserved 1048576K
Event: 28.157 GC heap after
Heap after GC invocations=46 (full 5):
 PSYoungGen      total 425984K, used 63055K [0x00000000e0000000, 0x0000000100000000, 0x0000000100000000)
  eden space 362496K, 0% used [0x00000000e0000000,0x00000000e0000000,0x00000000f6200000)
  from space 63488K, 99% used [0x00000000f6200000,0x00000000f9f93e68,0x00000000fa000000)
  to   space 88576K, 0% used [0x00000000fa980000,0x00000000fa980000,0x0000000100000000)
 ParOldGen       total 575488K, used 221091K [0x00000000a0000000, 0x00000000c3200000, 0x00000000e0000000)
  object space 575488K, 38% used [0x00000000a0000000,0x00000000ad7e8d40,0x00000000c3200000)
 Metaspace       used 74518K, capacity 77756K, committed 78976K, reserved 1118208K
  class space    used 10136K, capacity 10839K, committed 11136K, reserved 1048576K
}

Deoptimization events (10 events):
Event: 28.952 Thread 0x00000000281b8800 Uncommon trap: reason=bimorphic action=maybe_recompile pc=0x00000000041597c8 method=java.nio.charset.CharsetDecoder.reset()Ljava/nio/charset/CharsetDecoder; @ 1
Event: 28.952 Thread 0x00000000281b8800 Uncommon trap: reason=bimorphic action=maybe_recompile pc=0x00000000041597c8 method=java.nio.charset.CharsetDecoder.reset()Ljava/nio/charset/CharsetDecoder; @ 1
Event: 29.009 Thread 0x00000000281b8800 Uncommon trap: reason=class_check action=maybe_recompile pc=0x0000000002c1d238 method=java.util.zip.InflaterInputStream.read([BII)I @ 100
Event: 29.009 Thread 0x00000000281b8800 Uncommon trap: reason=class_check action=maybe_recompile pc=0x0000000002c1d238 method=java.util.zip.InflaterInputStream.read([BII)I @ 100
Event: 29.009 Thread 0x00000000281b8800 Uncommon trap: reason=class_check action=maybe_recompile pc=0x0000000002c1d238 method=java.util.zip.InflaterInputStream.read([BII)I @ 100
Event: 29.009 Thread 0x00000000281b8800 Uncommon trap: reason=class_check action=maybe_recompile pc=0x0000000002c1d238 method=java.util.zip.InflaterInputStream.read([BII)I @ 100
Event: 29.178 Thread 0x00000000281b8800 Uncommon trap: reason=bimorphic action=maybe_recompile pc=0x0000000002bc009c method=java.util.regex.Pattern$Slice.match(Ljava/util/regex/Matcher;ILjava/lang/CharSequence;)Z @ 75
Event: 29.178 Thread 0x00000000281b8800 Uncommon trap: reason=bimorphic action=maybe_recompile pc=0x0000000002bc009c method=java.util.regex.Pattern$Slice.match(Ljava/util/regex/Matcher;ILjava/lang/CharSequence;)Z @ 75
Event: 29.178 Thread 0x00000000281b8800 Uncommon trap: reason=bimorphic action=maybe_recompile pc=0x0000000002bc009c method=java.util.regex.Pattern$Slice.match(Ljava/util/regex/Matcher;ILjava/lang/CharSequence;)Z @ 75
Event: 29.178 Thread 0x00000000281b8800 Uncommon trap: reason=bimorphic action=maybe_recompile pc=0x0000000002bc4d00 method=java.util.regex.Pattern$Slice.match(Ljava/util/regex/Matcher;ILjava/lang/CharSequence;)Z @ 75

Internal exceptions (10 events):
Event: 27.955 Thread 0x00000000281c4800 Exception <a 'sun/nio/fs/WindowsException'> (0x00000000f24ee740) thrown at [C:\re\workspace\8-2-build-windows-amd64-cygwin\jdk8u131\8869\hotspot\src\share\vm\prims\jni.cpp, line 709]
Event: 28.684 Thread 0x00000000281c6000 Exception <a 'sun/nio/fs/WindowsException'> (0x00000000e5968388) thrown at [C:\re\workspace\8-2-build-windows-amd64-cygwin\jdk8u131\8869\hotspot\src\share\vm\prims\jni.cpp, line 709]
Event: 28.694 Thread 0x00000000281c0000 Exception <a 'java/lang/InterruptedException'> (0x00000000e5b12ab0) thrown at [C:\re\workspace\8-2-build-windows-amd64-cygwin\jdk8u131\8869\hotspot\src\share\vm\runtime\objectMonitor.cpp, line 1495]
Event: 28.783 Thread 0x000000001e495000 Exception <a 'java/lang/NoSuchMethodError': <clinit>> (0x00000000e5efca68) thrown at [C:\re\workspace\8-2-build-windows-amd64-cygwin\jdk8u131\8869\hotspot\src\share\vm\prims\jni.cpp, line 1613]
Event: 28.784 Thread 0x000000001e495000 Exception <a 'java/lang/NoSuchMethodError': <clinit>> (0x00000000e5f00678) thrown at [C:\re\workspace\8-2-build-windows-amd64-cygwin\jdk8u131\8869\hotspot\src\share\vm\prims\jni.cpp, line 1613]
Event: 28.784 Thread 0x000000001e495000 Exception <a 'java/lang/NoSuchMethodError': <clinit>> (0x00000000e5f149a8) thrown at [C:\re\workspace\8-2-build-windows-amd64-cygwin\jdk8u131\8869\hotspot\src\share\vm\prims\jni.cpp, line 1613]
Event: 28.788 Thread 0x000000001e495000 Exception <a 'java/lang/NoSuchMethodError': <clinit>> (0x00000000e5f63298) thrown at [C:\re\workspace\8-2-build-windows-amd64-cygwin\jdk8u131\8869\hotspot\src\share\vm\prims\jni.cpp, line 1613]
Event: 28.804 Thread 0x00000000281b8800 Exception <a 'java/lang/NoSuchMethodError': java.lang.Object.lambda$asRunnable$0(Lcom/android/tools/build/apkzlib/utils/IOExceptionRunnable;)V> (0x00000000e68657d8) thrown at [C:\re\workspace\8-2-build-windows-amd64-cygwin\jdk8u131\8869\hotspot\src\share\
Event: 28.835 Thread 0x00000000281b8800 Exception <a 'java/lang/NoSuchMethodError': java.lang.Object.newSystemTemporaryDirectory()Lcom/android/tools/build/apkzlib/bytestorage/TemporaryDirectory;> (0x00000000e6c469e8) thrown at [C:\re\workspace\8-2-build-windows-amd64-cygwin\jdk8u131\8869\hotspo
Event: 28.869 Thread 0x00000000281b8800 Exception <a 'java/lang/NoSuchMethodError': java.lang.Object.lambda$static$0(Lcom/android/apksig/util/RunnablesProvider;)V> (0x00000000e6ed3bf8) thrown at [C:\re\workspace\8-2-build-windows-amd64-cygwin\jdk8u131\8869\hotspot\src\share\vm\interpreter\linkR

Events (10 events):
Event: 29.586 loading class com/android/apksig/internal/util/Pair
Event: 29.586 loading class com/android/apksig/internal/util/Pair done
Event: 29.587 loading class sun/security/rsa/RSASignature$SHA256withRSA
Event: 29.587 loading class sun/security/rsa/RSASignature$SHA256withRSA done
Event: 29.588 loading class sun/security/rsa/RSACore$BlindingParameters
Event: 29.588 loading class sun/security/rsa/RSACore$BlindingParameters done
Event: 29.588 loading class sun/security/jca/JCAUtil
Event: 29.588 loading class sun/security/jca/JCAUtil done
Event: 29.588 loading class sun/security/jca/JCAUtil$CachedSecureRandomHolder
Event: 29.588 loading class sun/security/jca/JCAUtil$CachedSecureRandomHolder done


Dynamic libraries:
0x00007ff6eb1e0000 - 0x00007ff6eb217000 	C:\Program Files\Java\jdk1.8.0_131\bin\java.exe
0x00007ffdfdf00000 - 0x00007ffdfe0f0000 	C:\WINDOWS\SYSTEM32\ntdll.dll
0x00007ffdfc090000 - 0x00007ffdfc142000 	C:\WINDOWS\System32\KERNEL32.DLL
0x00007ffdfb1e0000 - 0x00007ffdfb483000 	C:\WINDOWS\System32\KERNELBASE.dll
0x00007ffdfcec0000 - 0x00007ffdfcf63000 	C:\WINDOWS\System32\ADVAPI32.dll
0x00007ffdfd690000 - 0x00007ffdfd72e000 	C:\WINDOWS\System32\msvcrt.dll
0x00007ffdfde20000 - 0x00007ffdfdeb7000 	C:\WINDOWS\System32\sechost.dll
0x00007ffdfc180000 - 0x00007ffdfc2a0000 	C:\WINDOWS\System32\RPCRT4.dll
0x00007ffdfc620000 - 0x00007ffdfc7b4000 	C:\WINDOWS\System32\USER32.dll
0x00007ffdfb6b0000 - 0x00007ffdfb6d1000 	C:\WINDOWS\System32\win32u.dll
0x00007ffdfc5f0000 - 0x00007ffdfc616000 	C:\WINDOWS\System32\GDI32.dll
0x00007ffdfb490000 - 0x00007ffdfb624000 	C:\WINDOWS\System32\gdi32full.dll
0x00007ffdfb0e0000 - 0x00007ffdfb17e000 	C:\WINDOWS\System32\msvcp_win.dll
0x00007ffdfafe0000 - 0x00007ffdfb0da000 	C:\WINDOWS\System32\ucrtbase.dll
0x00007ffdeba20000 - 0x00007ffdebca5000 	C:\WINDOWS\WinSxS\amd64_microsoft.windows.common-controls_6595b64144ccf1df_6.0.18362.535_none_e6c3b34713100821\COMCTL32.dll
0x00007ffdfc7c0000 - 0x00007ffdfcaf6000 	C:\WINDOWS\System32\combase.dll
0x00007ffdfb630000 - 0x00007ffdfb6b0000 	C:\WINDOWS\System32\bcryptPrimitives.dll
0x00007ffdfc150000 - 0x00007ffdfc17e000 	C:\WINDOWS\System32\IMM32.DLL
0x0000000050000000 - 0x00000000500d2000 	C:\Program Files\Java\jdk1.8.0_131\jre\bin\msvcr100.dll
0x0000000076cc0000 - 0x000000007755c000 	C:\Program Files\Java\jdk1.8.0_131\jre\bin\server\jvm.dll
0x00007ffdfcbe0000 - 0x00007ffdfcbe8000 	C:\WINDOWS\System32\PSAPI.DLL
0x00007ffdd9ae0000 - 0x00007ffdd9ae9000 	C:\WINDOWS\SYSTEM32\WSOCK32.dll
0x00007ffdeea60000 - 0x00007ffdeea6a000 	C:\WINDOWS\SYSTEM32\VERSION.dll
0x00007ffdfcb70000 - 0x00007ffdfcbdf000 	C:\WINDOWS\System32\WS2_32.dll
0x00007ffdf5680000 - 0x00007ffdf56a4000 	C:\WINDOWS\SYSTEM32\WINMM.dll
0x00007ffdf5430000 - 0x00007ffdf545d000 	C:\WINDOWS\SYSTEM32\winmmbase.dll
0x00007ffdfaec0000 - 0x00007ffdfaf0a000 	C:\WINDOWS\System32\cfgmgr32.dll
0x0000000076cb0000 - 0x0000000076cbf000 	C:\Program Files\Java\jdk1.8.0_131\jre\bin\verify.dll
0x0000000076c80000 - 0x0000000076ca9000 	C:\Program Files\Java\jdk1.8.0_131\jre\bin\java.dll
0x0000000076c60000 - 0x0000000076c76000 	C:\Program Files\Java\jdk1.8.0_131\jre\bin\zip.dll
0x00007ffdfcf80000 - 0x00007ffdfd665000 	C:\WINDOWS\System32\SHELL32.dll
0x00007ffdfd790000 - 0x00007ffdfd839000 	C:\WINDOWS\System32\shcore.dll
0x00007ffdfb6e0000 - 0x00007ffdfbe5f000 	C:\WINDOWS\System32\windows.storage.dll
0x00007ffdfade0000 - 0x00007ffdfadff000 	C:\WINDOWS\System32\profapi.dll
0x00007ffdfae40000 - 0x00007ffdfae8a000 	C:\WINDOWS\System32\powrprof.dll
0x00007ffdfadd0000 - 0x00007ffdfade0000 	C:\WINDOWS\System32\UMPDC.dll
0x00007ffdfd730000 - 0x00007ffdfd782000 	C:\WINDOWS\System32\shlwapi.dll
0x00007ffdfae20000 - 0x00007ffdfae31000 	C:\WINDOWS\System32\kernel.appcore.dll
0x00007ffdfaf10000 - 0x00007ffdfaf27000 	C:\WINDOWS\System32\cryptsp.dll
0x0000000076c40000 - 0x0000000076c5a000 	C:\Program Files\Java\jdk1.8.0_131\jre\bin\net.dll
0x00007ffdf9fc0000 - 0x00007ffdfa027000 	C:\WINDOWS\system32\mswsock.dll
0x0000000076c20000 - 0x0000000076c31000 	C:\Program Files\Java\jdk1.8.0_131\jre\bin\nio.dll
0x00007ffdf3290000 - 0x00007ffdf32b6000 	C:\Users\Bin\.gradle\native\29\windows-amd64\native-platform.dll
0x0000000076c10000 - 0x0000000076c1d000 	C:\Program Files\Java\jdk1.8.0_131\jre\bin\management.dll
0x00007ffdf9b30000 - 0x00007ffdf9b63000 	C:\WINDOWS\system32\rsaenh.dll
0x00007ffdfae90000 - 0x00007ffdfaeb6000 	C:\WINDOWS\System32\bcrypt.dll
0x00007ffdfacf0000 - 0x00007ffdfad15000 	C:\WINDOWS\SYSTEM32\USERENV.dll
0x00007ffdfa190000 - 0x00007ffdfa19c000 	C:\WINDOWS\SYSTEM32\CRYPTBASE.dll
0x00007ffdf9cd0000 - 0x00007ffdf9d0a000 	C:\WINDOWS\SYSTEM32\IPHLPAPI.DLL
0x00007ffdfdcb0000 - 0x00007ffdfdcb8000 	C:\WINDOWS\System32\NSI.dll
0x00007ffdf1bc0000 - 0x00007ffdf1bd6000 	C:\WINDOWS\SYSTEM32\dhcpcsvc6.DLL
0x00007ffdf1a40000 - 0x00007ffdf1a5c000 	C:\WINDOWS\SYSTEM32\dhcpcsvc.DLL
0x00007ffdf9d10000 - 0x00007ffdf9dda000 	C:\WINDOWS\SYSTEM32\DNSAPI.dll
0x00007ffdfa8f0000 - 0x00007ffdfaae4000 	C:\WINDOWS\SYSTEM32\dbghelp.dll

VM Arguments:
jvm_args: -Xmx1536m -Dfile.encoding=windows-1252 -Duser.country=CN -Duser.language=zh -Duser.variant 
java_command: org.gradle.launcher.daemon.bootstrap.GradleDaemon 5.4.1
java_class_path (initial): C:\Users\Bin\.gradle\wrapper\dists\gradle-5.4.1-all\3221gyojl5jsh0helicew7rwx\gradle-5.4.1\lib\gradle-launcher-5.4.1.jar
Launcher Type: SUN_STANDARD

Environment Variables:
JAVA_HOME=C:\Program Files\Java\jdk1.8.0_131
CLASSPATH=.;C:\Program Files\Java\jdk1.8.0_131\lib\dt.jar;C:\Program Files\Java\jdk1.8.0_131\lib\tools.jar;
PATH=C:\Program Files (x86)\Common Files\Intel\Shared Libraries\redist\intel64_win\compiler;C:\ProgramData\Oracle\Java\javapath;C:\Program Files (x86)\Intel\Intel(R) Management Engine Components\iCLS\;C:\Program Files\Intel\Intel(R) Management Engine Components\iCLS\;C:\Windows\system32;C:\Windows;C:\Windows\System32\Wbem;C:\Windows\System32\WindowsPowerShell\v1.0\;C:\Windows\System32\OpenSSH\;C:\Program Files (x86)\Intel\Intel(R) Management Engine Components\DAL;C:\Program Files\Intel\Intel(R) Management Engine Components\DAL;C:\Program Files (x86)\Intel\Intel(R) Management Engine Components\IPT;C:\Program Files\Intel\Intel(R) Management Engine Components\IPT;C:\Program Files (x86)\NVIDIA Corporation\PhysX\Common;C:\Program Files (x86)\Microsoft SQL Server\100\Tools\Binn\;C:\Program Files\Microsoft SQL Server\100\Tools\Binn\;C:\Program Files\Microsoft SQL Server\100\DTS\Binn\;C:\Program Files (x86)\Microsoft SQL Server\100\Tools\Binn\VSShell\Common7\IDE\;C:\Program Files (x86)\Microsoft Visual Studio 9.0\Common7\IDE\PrivateAssemblies\;C:\Program Files (x86)\Microsoft SQL Server\100\DTS\Binn\;C:\Program Files\Java\jdk1.8.0_131\bin;D:\maven\apache-maven-3.3.9\bin;C:\Users\Bin\.gradle\wrapper\dists\gradle-4.4-all\9br9xq1tocpiv8o6njlyu5op1\gradle-4.4\bin;d:\Git\cmd;D:\AndroidSdk\Sdk\platform-tools;D:\apktool;D:\MySQL\mysql-5.7.25-winx64\bin;;C:\WINDOWS\system32;C:\WINDOWS;C:\WINDOWS\System32\Wbem;C:\WINDOWS\System32\WindowsPowerShell\v1.0\;C:\WINDOWS\System32\OpenSSH\;C:\Users\Bin\AppData\Local\Microsoft\WindowsApps;
USERNAME=Bin
OS=Windows_NT
PROCESSOR_IDENTIFIER=Intel64 Family 6 Model 142 Stepping 10, GenuineIntel



---------------  S Y S T E M  ---------------

OS: Windows 10.0 , 64 bit Build 18362 (10.0.18362.329)

CPU:total 8 (initial active 8) (4 cores per cpu, 2 threads per core) family 6 model 142 stepping 10, cmov, cx8, fxsr, mmx, sse, sse2, sse3, ssse3, sse4.1, sse4.2, popcnt, avx, avx2, aes, clmul, erms, 3dnowpref, lzcnt, ht, tsc, tscinvbit, bmi1, bmi2, adx

Memory: 4k page, physical 16681188k(6352612k free), swap 17729764k(4568564k free)

vm_info: Java HotSpot(TM) 64-Bit Server VM (25.131-b11) for windows-amd64 JRE (1.8.0_131-b11), built on Mar 15 2017 01:23:53 by "java_re" with MS VC++ 10.0 (VS2010)

time: Thu Jan 09 14:48:49 2020
elapsed time: 29 seconds (0d 0h 0m 29s)

