#
# A fatal error has been detected by the Java Runtime Environment:
#
#  EXCEPTION_ACCESS_VIOLATION (0xc0000005) at pc=0x00000000770b1663, pid=19192, tid=0x0000000000001ed8
#
# JRE version: Java(TM) SE Runtime Environment (8.0_131-b11) (build 1.8.0_131-b11)
# Java VM: Java HotSpot(TM) 64-Bit Server VM (25.131-b11 mixed mode windows-amd64 compressed oops)
# Problematic frame:
# V  [jvm.dll+0x3f1663]
#
# Failed to write core dump. Minidumps are not enabled by default on client versions of Windows
#
# If you would like to submit a bug report, please visit:
#   http://bugreport.java.com/bugreport/crash.jsp
#

---------------  T H R E A D  ---------------

Current thread (0x0000000002c80000):  GCTaskThread [stack: 0x0000000012b30000,0x0000000012c30000] [id=7896]

siginfo: ExceptionCode=0xc0000005, reading address 0x000000051a745488

Registers:
RAX=0x0000000000000006, RBX=0x0000000012191437, RCX=0x0000000000000003, RDX=0x0000000000000020
RSP=0x0000000012c2fb90, RBP=0x0000000012191481, RSI=0x00000000ae286e00, RDI=0x00000000ae282790
R8 =0x1fffffffffffffff, R9 =0x000000051a745480, R10=0x000000000000000c, R11=0x000000000000000c
R12=0x000000001219140a, R13=0x0000000016b159c0, R14=0x0000000002c723c0, R15=0x000000000000000c
RIP=0x00000000770b1663, EFLAGS=0x0000000000010202

Top of Stack: (sp=0x0000000012c2fb90)
0x0000000012c2fb90:   0000000012191437 00000000ae286e00
0x0000000012c2fba0:   00000000ae286e00 00000000ae2811b5
0x0000000012c2fbb0:   0000000012191400 00000000121ac6b3
0x0000000012c2fbc0:   0000000000000400 0000000000000000
0x0000000012c2fbd0:   0000000002c61cd0 0000000002c7e540
0x0000000012c2fbe0:   0000000077314cd8 0000000000000000
0x0000000012c2fbf0:   0000000000000000 00000000169a5440
0x0000000012c2fc00:   0000000002c80910 0000000002c80900
0x0000000012c2fc10:   0000000016b159c0 00000000770c3cb2
0x0000000012c2fc20:   0000000012191400 0000000002c72580
0x0000000012c2fc30:   00000000ae290018 00000000b18d6560
0x0000000012c2fc40:   0000000016b159c0 0000000000000000
0x0000000012c2fc50:   0000000000000008 0000000002c736b0
0x0000000012c2fc60:   00000000169a5440 00000000770b302e
0x0000000012c2fc70:   0000000002c80000 0000000000000000
0x0000000012c2fc80:   0000000000000000 0000000000000000 

Instructions: (pc=0x00000000770b1663)
0x00000000770b1643:   bd 41 00 00 74 16 44 8b 4f 08 8b 0d 55 f1 3a 00
0x00000000770b1653:   49 d3 e1 4c 03 0d 43 f1 3a 00 eb 04 4c 8b 4f 08
0x00000000770b1663:   41 81 79 08 00 00 00 c0 73 12 49 8b 01 4c 8b c7
0x00000000770b1673:   49 8b d5 49 8b c9 ff 90 20 01 00 00 80 3d 2b bd 


Register to memory mapping:

RAX=0x0000000000000006 is an unknown value
RBX=0x0000000012191437 is an unknown value
RCX=0x0000000000000003 is an unknown value
RDX=0x0000000000000020 is an unknown value
RSP=0x0000000012c2fb90 is an unknown value
RBP=0x0000000012191481 is an unknown value
RSI=0x00000000ae286e00 is pointing into object: 0x00000000ae2829c0
[B 
 - klass: {type array byte}
 - length: 17861
RDI=
[error occurred during error reporting (printing register info), id 0xc0000005]

Stack: [0x0000000012b30000,0x0000000012c30000],  sp=0x0000000012c2fb90,  free space=1022k
Native frames: (J=compiled Java code, j=interpreted, Vv=VM code, C=native code)
V  [jvm.dll+0x3f1663]
V  [jvm.dll+0x403cb2]
V  [jvm.dll+0x3f302e]
V  [jvm.dll+0x29cc1a]
C  [msvcr100.dll+0x21d9f]
C  [msvcr100.dll+0x21e3b]
C  [KERNEL32.DLL+0x17bd4]
C  [ntdll.dll+0x6ced1]


---------------  P R O C E S S  ---------------

Java Threads: ( => current thread )
  0x000000001dba7000 JavaThread "Cache worker for Java compile cache (D:\AndroidProject\andoucode\.gradle\5.4.1\javaCompile)" [_thread_blocked, id=2172, stack(0x000000002c500000,0x000000002c600000)]
  0x000000001dba2800 JavaThread "Cache worker for execution history cache (D:\AndroidProject\andoucode\.gradle\5.4.1\executionHistory)" [_thread_blocked, id=18252, stack(0x000000002c400000,0x000000002c500000)]
  0x000000001dba4000 JavaThread "Execution worker for ':' Thread 7" [_thread_blocked, id=13804, stack(0x000000002c300000,0x000000002c400000)]
  0x000000001dba3800 JavaThread "Execution worker for ':' Thread 6" [_thread_blocked, id=17716, stack(0x000000002c200000,0x000000002c300000)]
  0x000000001dba0800 JavaThread "Execution worker for ':' Thread 5" [_thread_blocked, id=16648, stack(0x000000002a110000,0x000000002a210000)]
  0x000000001dba6800 JavaThread "Execution worker for ':' Thread 4" [_thread_blocked, id=16756, stack(0x000000002a010000,0x000000002a110000)]
  0x000000001dba5000 JavaThread "Execution worker for ':' Thread 3" [_thread_blocked, id=5972, stack(0x0000000029f10000,0x000000002a010000)]
  0x000000001db98800 JavaThread "Execution worker for ':' Thread 2" [_thread_blocked, id=5252, stack(0x0000000027060000,0x0000000027160000)]
  0x000000001db9f800 JavaThread "Execution worker for ':'" [_thread_blocked, id=14552, stack(0x0000000026d30000,0x0000000026e30000)]
  0x000000001db9d800 JavaThread "Cache worker for file content cache (D:\AndroidProject\andoucode\.gradle\5.4.1\fileContent)" [_thread_blocked, id=13416, stack(0x0000000026a30000,0x0000000026b30000)]
  0x000000001db9f000 JavaThread "Cache worker for Build Output Cleanup Cache (D:\AndroidProject\andoucode\.gradle\buildOutputCleanup)" [_thread_blocked, id=17348, stack(0x0000000026930000,0x0000000026a30000)]
  0x000000001db9c800 JavaThread "Build operations Thread 8" [_thread_blocked, id=1124, stack(0x0000000025ef0000,0x0000000025ff0000)]
  0x000000001db99800 JavaThread "Build operations Thread 7" [_thread_blocked, id=16256, stack(0x0000000024c50000,0x0000000024d50000)]
  0x000000001db9e000 JavaThread "Build operations Thread 6" [_thread_blocked, id=10640, stack(0x0000000023410000,0x0000000023510000)]
  0x000000001db9b800 JavaThread "Build operations Thread 5" [_thread_blocked, id=11496, stack(0x0000000023310000,0x0000000023410000)]
  0x0000000022045000 JavaThread "Build operations Thread 4" [_thread_blocked, id=8132, stack(0x0000000023210000,0x0000000023310000)]
  0x0000000022045800 JavaThread "Build operations Thread 3" [_thread_blocked, id=12168, stack(0x0000000023110000,0x0000000023210000)]
  0x000000002204a000 JavaThread "Build operations Thread 2" [_thread_blocked, id=21144, stack(0x0000000023010000,0x0000000023110000)]
  0x0000000022048800 JavaThread "Build operations" [_thread_blocked, id=18600, stack(0x0000000022f10000,0x0000000023010000)]
  0x0000000022047000 JavaThread "Cache worker for cache directory md-rule (C:\Users\Bin\.gradle\caches\5.4.1\md-rule)" [_thread_blocked, id=15868, stack(0x0000000022790000,0x0000000022890000)]
  0x0000000022044000 JavaThread "Cache worker for cache directory md-supplier (C:\Users\Bin\.gradle\caches\5.4.1\md-supplier)" [_thread_blocked, id=1276, stack(0x000000001fd20000,0x000000001fe20000)]
  0x000000002203c800 JavaThread "Cache worker for file hash cache (D:\AndroidProject\andoucode\.gradle\5.4.1\fileHashes)" [_thread_blocked, id=20844, stack(0x000000001fa20000,0x000000001fb20000)]
  0x0000000022043800 JavaThread "Thread-1002" [_thread_blocked, id=10780, stack(0x000000001c0b0000,0x000000001c1b0000)]
  0x000000002203c000 JavaThread "Stdin handler" [_thread_blocked, id=3088, stack(0x000000001bfb0000,0x000000001c0b0000)]
  0x000000002203f000 JavaThread "Asynchronous log dispatcher for DefaultDaemonConnection: socket connection from /127.0.0.1:6827 to /127.0.0.1:5741" [_thread_blocked, id=8840, stack(0x000000001bbb0000,0x000000001bcb0000)]
  0x000000002203e000 JavaThread "Daemon worker Thread 25" [_thread_blocked, id=19604, stack(0x000000001b8b0000,0x000000001b9b0000)]
  0x0000000022042800 JavaThread "Cancel handler" [_thread_blocked, id=11740, stack(0x000000001b7b0000,0x000000001b8b0000)]
  0x0000000022041000 JavaThread "Handler for socket connection from /127.0.0.1:6827 to /127.0.0.1:5741" [_thread_in_native, id=7416, stack(0x00000000010f0000,0x00000000011f0000)]
  0x0000000022042000 JavaThread "Daemon Thread 25" [_thread_blocked, id=14380, stack(0x0000000000ff0000,0x00000000010f0000)]
  0x000000001f5e1000 JavaThread "Cache worker for Java compile cache (C:\Users\Bin\.gradle\caches\5.4.1\javaCompile)" [_thread_blocked, id=12204, stack(0x00000000261f0000,0x00000000262f0000)]
  0x000000001eb6f800 JavaThread "Cache worker for file content cache (C:\Users\Bin\.gradle\caches\5.4.1\fileContent)" [_thread_blocked, id=18576, stack(0x0000000024910000,0x0000000024a10000)]
  0x000000001eb76000 JavaThread "Memory manager" [_thread_blocked, id=1340, stack(0x0000000025df0000,0x0000000025ef0000)]
  0x000000001eb6e000 JavaThread "Cache worker for execution history cache (C:\Users\Bin\.gradle\caches\5.4.1\executionHistory)" [_thread_blocked, id=8096, stack(0x0000000022490000,0x0000000022590000)]
  0x000000001a836000 JavaThread "Cache worker for journal cache (C:\Users\Bin\.gradle\caches\journal-1)" [_thread_blocked, id=20968, stack(0x000000001c3b0000,0x000000001c4b0000)]
  0x000000001a83b000 JavaThread "File lock request listener" [_thread_in_native, id=16896, stack(0x000000001c2b0000,0x000000001c3b0000)]
  0x000000001a838000 JavaThread "Cache worker for file hash cache (C:\Users\Bin\.gradle\caches\5.4.1\fileHashes)" [_thread_blocked, id=12852, stack(0x000000001c1b0000,0x000000001c2b0000)]
  0x000000001a789800 JavaThread "Daemon periodic checks" [_thread_blocked, id=1764, stack(0x000000001b6b0000,0x000000001b7b0000)]
  0x000000001a704800 JavaThread "Incoming local TCP Connector on port 6827" [_thread_in_native, id=15528, stack(0x000000001b500000,0x000000001b600000)]
  0x000000001a5ad000 JavaThread "Daemon health stats" [_thread_blocked, id=14068, stack(0x000000001aec0000,0x000000001afc0000)]
  0x0000000018abc800 JavaThread "Service Thread" daemon [_thread_blocked, id=11828, stack(0x00000000194f0000,0x00000000195f0000)]
  0x0000000018a24000 JavaThread "C1 CompilerThread3" daemon [_thread_blocked, id=16748, stack(0x00000000193f0000,0x00000000194f0000)]
  0x0000000018a20000 JavaThread "C2 CompilerThread2" daemon [_thread_in_native, id=10524, stack(0x00000000192f0000,0x00000000193f0000)]
  0x0000000018a1e000 JavaThread "C2 CompilerThread1" daemon [_thread_in_native, id=15652, stack(0x00000000191f0000,0x00000000192f0000)]
  0x0000000018a1a000 JavaThread "C2 CompilerThread0" daemon [_thread_in_native, id=7204, stack(0x00000000190f0000,0x00000000191f0000)]
  0x0000000018a18800 JavaThread "Attach Listener" daemon [_thread_blocked, id=11684, stack(0x0000000018ff0000,0x00000000190f0000)]
  0x0000000018a17000 JavaThread "Signal Dispatcher" daemon [_thread_blocked, id=9824, stack(0x0000000018ef0000,0x0000000018ff0000)]
  0x0000000018a10800 JavaThread "Finalizer" daemon [_thread_blocked, id=16484, stack(0x0000000018df0000,0x0000000018ef0000)]
  0x0000000016b1d000 JavaThread "Reference Handler" daemon [_thread_blocked, id=18436, stack(0x00000000188f0000,0x00000000189f0000)]
  0x0000000002b6e000 JavaThread "main" [_thread_blocked, id=16664, stack(0x0000000002a60000,0x0000000002b60000)]

Other Threads:
  0x0000000016b18000 VMThread [stack: 0x00000000187f0000,0x00000000188f0000] [id=8976]
  0x0000000018af9800 WatcherThread [stack: 0x00000000195f0000,0x00000000196f0000] [id=12688]

=>0x0000000002c80000 (exited) GCTaskThread [stack: 0x0000000012b30000,0x0000000012c30000] [id=7896]

VM state:at safepoint (normal execution)

VM Mutex/Monitor currently owned by a thread:  ([mutex/lock_event])
[0x0000000002b6c3e0] Threads_lock - owner thread: 0x0000000016b18000
[0x0000000002c61950] Heap_lock - owner thread: 0x000000002203e000

Heap:
 PSYoungGen      total 474624K, used 443522K [0x00000000e0000000, 0x00000000ffb80000, 0x0000000100000000)
  eden space 432128K, 100% used [0x00000000e0000000,0x00000000fa600000,0x00000000fa600000)
  from space 42496K, 26% used [0x00000000fa600000,0x00000000fb120b40,0x00000000fcf80000)
  to   space 40448K, 31% used [0x00000000fd400000,0x00000000fe05f5c8,0x00000000ffb80000)
 ParOldGen       total 572416K, used 296007K [0x00000000a0000000, 0x00000000c2f00000, 0x00000000e0000000)
  object space 572416K, 51% used [0x00000000a0000000,0x00000000b2111f70,0x00000000c2f00000)
 Metaspace       used 110891K, capacity 117628K, committed 121472K, reserved 1155072K
  class space    used 13909K, capacity 15025K, committed 15744K, reserved 1048576K

Card table byte_map: [0x0000000012120000,0x0000000012430000] byte_map_base: 0x0000000011c20000

Marking Bits: (ParMarkBitMap*) 0x00000000774dc720
 Begin Bits: [0x0000000012e30000, 0x0000000014630000)
 End Bits:   [0x0000000014630000, 0x0000000015e30000)

Polling page: 0x00000000009f0000

CodeCache: size=245760Kb used=111693Kb max_used=111736Kb free=134066Kb
 bounds [0x0000000002d60000, 0x0000000009b50000, 0x0000000011d60000]
 total_blobs=29221 nmethods=28294 adapters=835
 compilation: enabled

Compilation events (10 events):
Event: 20624.173 Thread 0x0000000018a24000 44107       1       com.android.tools.r8.ir.code.Cmp::a (4 bytes)
Event: 20624.173 Thread 0x0000000018a24000 nmethod 44107 0x0000000006de4110 code [0x0000000006de4260, 0x0000000006de4370]
Event: 20624.190 Thread 0x0000000018a24000 44108       1       org.gradle.api.internal.file.collections.DefaultConfigurableFileCollection::access$000 (5 bytes)
Event: 20624.190 Thread 0x0000000018a24000 nmethod 44108 0x0000000006de3e50 code [0x0000000006de3fa0, 0x0000000006de4090]
Event: 20624.202 Thread 0x0000000018a20000 nmethod 43749 0x0000000009454890 code [0x0000000009454ee0, 0x00000000094599c8]
Event: 20624.202 Thread 0x0000000018a20000 43964       4       com.android.tools.r8.ir.conversion.N::a (134 bytes)
Event: 20624.226 Thread 0x0000000018a24000 44110       2       org.gradle.api.internal.file.DefaultFileCollectionFactory::fixed (8 bytes)
Event: 20624.227 Thread 0x0000000018a24000 nmethod 44110 0x00000000048080d0 code [0x0000000004808260, 0x0000000004808538]
Event: 20624.227 Thread 0x0000000018a24000 44111       2       org.gradle.api.internal.file.DefaultFileCollectionFactory::fixed (31 bytes)
Event: 20624.228 Thread 0x0000000018a24000 nmethod 44111 0x0000000004807b90 code [0x0000000004807d00, 0x0000000004807fb8]

GC Heap History (10 events):
Event: 20622.541 GC heap after
Heap after GC invocations=200 (full 17):
 PSYoungGen      total 466432K, used 9169K [0x00000000e0000000, 0x00000000ffb80000, 0x0000000100000000)
  eden space 414720K, 0% used [0x00000000e0000000,0x00000000e0000000,0x00000000f9500000)
  from space 51712K, 17% used [0x00000000f9500000,0x00000000f9df4788,0x00000000fc780000)
  to   space 49664K, 0% used [0x00000000fcb00000,0x00000000fcb00000,0x00000000ffb80000)
 ParOldGen       total 572416K, used 253912K [0x00000000a0000000, 0x00000000c2f00000, 0x00000000e0000000)
  object space 572416K, 44% used [0x00000000a0000000,0x00000000af7f6090,0x00000000c2f00000)
 Metaspace       used 110848K, capacity 117552K, committed 121472K, reserved 1155072K
  class space    used 13907K, capacity 15023K, committed 15744K, reserved 1048576K
}
Event: 20622.815 GC heap before
{Heap before GC invocations=201 (full 17):
 PSYoungGen      total 466432K, used 423889K [0x00000000e0000000, 0x00000000ffb80000, 0x0000000100000000)
  eden space 414720K, 100% used [0x00000000e0000000,0x00000000f9500000,0x00000000f9500000)
  from space 51712K, 17% used [0x00000000f9500000,0x00000000f9df4788,0x00000000fc780000)
  to   space 49664K, 0% used [0x00000000fcb00000,0x00000000fcb00000,0x00000000ffb80000)
 ParOldGen       total 572416K, used 253912K [0x00000000a0000000, 0x00000000c2f00000, 0x00000000e0000000)
  object space 572416K, 44% used [0x00000000a0000000,0x00000000af7f6090,0x00000000c2f00000)
 Metaspace       used 110872K, capacity 117556K, committed 121472K, reserved 1155072K
  class space    used 13907K, capacity 15023K, committed 15744K, reserved 1048576K
Event: 20622.828 GC heap after
Heap after GC invocations=201 (full 17):
 PSYoungGen      total 470016K, used 10135K [0x00000000e0000000, 0x00000000ff900000, 0x0000000100000000)
  eden space 422912K, 0% used [0x00000000e0000000,0x00000000e0000000,0x00000000f9d00000)
  from space 47104K, 21% used [0x00000000fcb00000,0x00000000fd4e5da8,0x00000000ff900000)
  to   space 47104K, 0% used [0x00000000f9d00000,0x00000000f9d00000,0x00000000fcb00000)
 ParOldGen       total 572416K, used 259900K [0x00000000a0000000, 0x00000000c2f00000, 0x00000000e0000000)
  object space 572416K, 45% used [0x00000000a0000000,0x00000000afdcf0a0,0x00000000c2f00000)
 Metaspace       used 110872K, capacity 117556K, committed 121472K, reserved 1155072K
  class space    used 13907K, capacity 15023K, committed 15744K, reserved 1048576K
}
Event: 20623.126 GC heap before
{Heap before GC invocations=202 (full 17):
 PSYoungGen      total 470016K, used 433047K [0x00000000e0000000, 0x00000000ff900000, 0x0000000100000000)
  eden space 422912K, 100% used [0x00000000e0000000,0x00000000f9d00000,0x00000000f9d00000)
  from space 47104K, 21% used [0x00000000fcb00000,0x00000000fd4e5da8,0x00000000ff900000)
  to   space 47104K, 0% used [0x00000000f9d00000,0x00000000f9d00000,0x00000000fcb00000)
 ParOldGen       total 572416K, used 259900K [0x00000000a0000000, 0x00000000c2f00000, 0x00000000e0000000)
  object space 572416K, 45% used [0x00000000a0000000,0x00000000afdcf0a0,0x00000000c2f00000)
 Metaspace       used 110879K, capacity 117626K, committed 121472K, reserved 1155072K
  class space    used 13908K, capacity 15024K, committed 15744K, reserved 1048576K
Event: 20623.144 GC heap after
Heap after GC invocations=202 (full 17):
 PSYoungGen      total 470016K, used 15461K [0x00000000e0000000, 0x00000000ffb00000, 0x0000000100000000)
  eden space 422912K, 0% used [0x00000000e0000000,0x00000000e0000000,0x00000000f9d00000)
  from space 47104K, 32% used [0x00000000f9d00000,0x00000000fac195c0,0x00000000fcb00000)
  to   space 44544K, 0% used [0x00000000fcf80000,0x00000000fcf80000,0x00000000ffb00000)
 ParOldGen       total 572416K, used 267375K [0x00000000a0000000, 0x00000000c2f00000, 0x00000000e0000000)
  object space 572416K, 46% used [0x00000000a0000000,0x00000000b051bdb0,0x00000000c2f00000)
 Metaspace       used 110879K, capacity 117626K, committed 121472K, reserved 1155072K
  class space    used 13908K, capacity 15024K, committed 15744K, reserved 1048576K
}
Event: 20623.499 GC heap before
{Heap before GC invocations=203 (full 17):
 PSYoungGen      total 470016K, used 438373K [0x00000000e0000000, 0x00000000ffb00000, 0x0000000100000000)
  eden space 422912K, 100% used [0x00000000e0000000,0x00000000f9d00000,0x00000000f9d00000)
  from space 47104K, 32% used [0x00000000f9d00000,0x00000000fac195c0,0x00000000fcb00000)
  to   space 44544K, 0% used [0x00000000fcf80000,0x00000000fcf80000,0x00000000ffb00000)
 ParOldGen       total 572416K, used 267375K [0x00000000a0000000, 0x00000000c2f00000, 0x00000000e0000000)
  object space 572416K, 46% used [0x00000000a0000000,0x00000000b051bdb0,0x00000000c2f00000)
 Metaspace       used 110884K, capacity 117628K, committed 121472K, reserved 1155072K
  class space    used 13909K, capacity 15025K, committed 15744K, reserved 1048576K
Event: 20623.523 GC heap after
Heap after GC invocations=203 (full 17):
 PSYoungGen      total 475136K, used 11454K [0x00000000e0000000, 0x00000000ff980000, 0x0000000100000000)
  eden space 432128K, 0% used [0x00000000e0000000,0x00000000e0000000,0x00000000fa600000)
  from space 43008K, 26% used [0x00000000fcf80000,0x00000000fdaafa28,0x00000000ff980000)
  to   space 42496K, 0% used [0x00000000fa600000,0x00000000fa600000,0x00000000fcf80000)
 ParOldGen       total 572416K, used 279378K [0x00000000a0000000, 0x00000000c2f00000, 0x00000000e0000000)
  object space 572416K, 48% used [0x00000000a0000000,0x00000000b10d48b8,0x00000000c2f00000)
 Metaspace       used 110884K, capacity 117628K, committed 121472K, reserved 1155072K
  class space    used 13909K, capacity 15025K, committed 15744K, reserved 1048576K
}
Event: 20623.876 GC heap before
{Heap before GC invocations=204 (full 17):
 PSYoungGen      total 475136K, used 443582K [0x00000000e0000000, 0x00000000ff980000, 0x0000000100000000)
  eden space 432128K, 100% used [0x00000000e0000000,0x00000000fa600000,0x00000000fa600000)
  from space 43008K, 26% used [0x00000000fcf80000,0x00000000fdaafa28,0x00000000ff980000)
  to   space 42496K, 0% used [0x00000000fa600000,0x00000000fa600000,0x00000000fcf80000)
 ParOldGen       total 572416K, used 279378K [0x00000000a0000000, 0x00000000c2f00000, 0x00000000e0000000)
  object space 572416K, 48% used [0x00000000a0000000,0x00000000b10d48b8,0x00000000c2f00000)
 Metaspace       used 110887K, capacity 117628K, committed 121472K, reserved 1155072K
  class space    used 13909K, capacity 15025K, committed 15744K, reserved 1048576K
Event: 20623.893 GC heap after
Heap after GC invocations=204 (full 17):
 PSYoungGen      total 474624K, used 11394K [0x00000000e0000000, 0x00000000ffb80000, 0x0000000100000000)
  eden space 432128K, 0% used [0x00000000e0000000,0x00000000e0000000,0x00000000fa600000)
  from space 42496K, 26% used [0x00000000fa600000,0x00000000fb120b40,0x00000000fcf80000)
  to   space 40448K, 0% used [0x00000000fd400000,0x00000000fd400000,0x00000000ffb80000)
 ParOldGen       total 572416K, used 287577K [0x00000000a0000000, 0x00000000c2f00000, 0x00000000e0000000)
  object space 572416K, 50% used [0x00000000a0000000,0x00000000b18d6560,0x00000000c2f00000)
 Metaspace       used 110887K, capacity 117628K, committed 121472K, reserved 1155072K
  class space    used 13909K, capacity 15025K, committed 15744K, reserved 1048576K
}
Event: 20624.305 GC heap before
{Heap before GC invocations=205 (full 17):
 PSYoungGen      total 474624K, used 443522K [0x00000000e0000000, 0x00000000ffb80000, 0x0000000100000000)
  eden space 432128K, 100% used [0x00000000e0000000,0x00000000fa600000,0x00000000fa600000)
  from space 42496K, 26% used [0x00000000fa600000,0x00000000fb120b40,0x00000000fcf80000)
  to   space 40448K, 0% used [0x00000000fd400000,0x00000000fd400000,0x00000000ffb80000)
 ParOldGen       total 572416K, used 287577K [0x00000000a0000000, 0x00000000c2f00000, 0x00000000e0000000)
  object space 572416K, 50% used [0x00000000a0000000,0x00000000b18d6560,0x00000000c2f00000)
 Metaspace       used 110891K, capacity 117628K, committed 121472K, reserved 1155072K
  class space    used 13909K, capacity 15025K, committed 15744K, reserved 1048576K

Deoptimization events (10 events):
Event: 20623.205 Thread 0x000000001dba5000 Uncommon trap: reason=unstable_if action=reinterpret pc=0x00000000095210dc method=com.android.tools.r8.ir.analysis.g.e.b()V @ 57
Event: 20623.217 Thread 0x000000001db98800 Uncommon trap: reason=unstable_if action=reinterpret pc=0x0000000007c9798c method=java.util.concurrent.ConcurrentHashMap.computeIfAbsent(Ljava/lang/Object;Ljava/util/function/Function;)Ljava/lang/Object; @ 456
Event: 20623.370 Thread 0x000000001dba6800 Uncommon trap: reason=bimorphic action=maybe_recompile pc=0x0000000005b250a0 method=com.android.tools.r8.ir.optimize.n.a(Lcom/android/tools/r8/ir/code/IRCode;)V @ 408
Event: 20623.864 Thread 0x000000002203e000 Uncommon trap: reason=unstable_if action=reinterpret pc=0x00000000094cc9c8 method=com.android.tools.r8.ir.optimize.CodeRewriter.l(Lcom/android/tools/r8/ir/code/IRCode;)V @ 137
Event: 20623.929 Thread 0x000000002203e000 Uncommon trap: reason=bimorphic action=maybe_recompile pc=0x0000000007a732f4 method=com.android.tools.r8.ir.code.ValueType.a(Lcom/android/tools/r8/ir/analysis/type/TypeLatticeElement;)Lcom/android/tools/r8/ir/code/ValueType; @ 23
Event: 20624.012 Thread 0x000000002203e000 Uncommon trap: reason=class_check action=maybe_recompile pc=0x0000000004f09b9c method=com.android.tools.r8.ir.optimize.CodeRewriter.a(Lcom/android/tools/r8/ir/code/NewArrayEmpty;Lcom/android/tools/r8/ir/code/BasicBlock;I)[Lcom/android/tools/r8/ir/code/k; 
Event: 20624.012 Thread 0x000000002203e000 Uncommon trap: reason=class_check action=maybe_recompile pc=0x0000000007df3b88 method=com.android.tools.r8.ir.code.NewArrayEmpty.I1()Lcom/android/tools/r8/ir/code/Value; @ 10
Event: 20624.016 Thread 0x000000002203e000 Uncommon trap: reason=unstable_if action=reinterpret pc=0x00000000099a571c method=com.android.tools.r8.ir.optimize.g.a(Lcom/android/tools/r8/ir/code/IRCode;)V @ 130
Event: 20624.092 Thread 0x000000001db9f800 Uncommon trap: reason=null_check action=make_not_entrant pc=0x00000000098ffb18 method=com.android.tools.r8.ir.conversion.X.b()V @ 133
Event: 20624.092 Thread 0x000000001db9f800 Uncommon trap: reason=unstable_if action=reinterpret pc=0x00000000071d43d8 method=com.android.tools.r8.ir.conversion.X.a(Lcom/android/tools/r8/t/a/a/B;Lcom/android/tools/r8/t/a/a/B;)Z @ 20

Internal exceptions (10 events):
Event: 20623.938 Thread 0x000000001dba4000 Exception <a 'sun/nio/fs/WindowsException'> (0x00000000e2db2088) thrown at [C:\re\workspace\8-2-build-windows-amd64-cygwin\jdk8u131\8869\hotspot\src\share\vm\prims\jni.cpp, line 709]
Event: 20623.942 Thread 0x000000001dba6800 Exception <a 'sun/nio/fs/WindowsException'> (0x00000000e3578820) thrown at [C:\re\workspace\8-2-build-windows-amd64-cygwin\jdk8u131\8869\hotspot\src\share\vm\prims\jni.cpp, line 709]
Event: 20624.016 Thread 0x000000002203e000 Implicit null exception at 0x000000000999fce1 to 0x00000000099a56fd
Event: 20624.022 Thread 0x000000001dba0800 Exception <a 'sun/nio/fs/WindowsException'> (0x00000000e8e90188) thrown at [C:\re\workspace\8-2-build-windows-amd64-cygwin\jdk8u131\8869\hotspot\src\share\vm\prims\jni.cpp, line 709]
Event: 20624.092 Thread 0x000000001db9f800 Implicit null exception at 0x00000000098fd5d3 to 0x00000000098ffafd
Event: 20624.096 Thread 0x000000001dba0800 Exception <a 'sun/nio/fs/WindowsException'> (0x00000000ee51f078) thrown at [C:\re\workspace\8-2-build-windows-amd64-cygwin\jdk8u131\8869\hotspot\src\share\vm\prims\jni.cpp, line 709]
Event: 20624.155 Thread 0x000000001dba6800 Exception <a 'sun/nio/fs/WindowsException'> (0x00000000f20e9c10) thrown at [C:\re\workspace\8-2-build-windows-amd64-cygwin\jdk8u131\8869\hotspot\src\share\vm\prims\jni.cpp, line 709]
Event: 20624.182 Thread 0x000000001dba4000 Exception <a 'sun/nio/fs/WindowsException'> (0x00000000f39dd7f0) thrown at [C:\re\workspace\8-2-build-windows-amd64-cygwin\jdk8u131\8869\hotspot\src\share\vm\prims\jni.cpp, line 709]
Event: 20624.222 Thread 0x000000001dba0800 Exception <a 'sun/nio/fs/WindowsException'> (0x00000000f5c8da18) thrown at [C:\re\workspace\8-2-build-windows-amd64-cygwin\jdk8u131\8869\hotspot\src\share\vm\prims\jni.cpp, line 709]
Event: 20624.282 Thread 0x000000001dba4000 Exception <a 'sun/nio/fs/WindowsException'> (0x00000000f9187a20) thrown at [C:\re\workspace\8-2-build-windows-amd64-cygwin\jdk8u131\8869\hotspot\src\share\vm\prims\jni.cpp, line 709]

Events (10 events):
Event: 20624.280 Thread 0x000000001db9f800 DEOPT UNPACKING pc=0x0000000002da787f sp=0x0000000026e2cdf0 mode 0
Event: 20624.288 Thread 0x000000002203e000 DEOPT PACKING pc=0x0000000009670a38 sp=0x000000001b9aa5a0
Event: 20624.288 Thread 0x000000002203e000 DEOPT UNPACKING pc=0x0000000002da787f sp=0x000000001b9aa3c8 mode 0
Event: 20624.295 Thread 0x000000001dba3800 DEOPT PACKING pc=0x0000000009952a83 sp=0x000000002c2fc3a0
Event: 20624.295 Thread 0x000000001dba3800 DEOPT UNPACKING pc=0x0000000002da787f sp=0x000000002c2fc2e0 mode 0
Event: 20624.299 Thread 0x000000002203e000 DEOPT PACKING pc=0x00000000096eb3a3 sp=0x000000001b9aa0a0
Event: 20624.299 Thread 0x000000001dba3800 DEOPT PACKING pc=0x00000000096eb3a3 sp=0x000000002c2fc190
Event: 20624.299 Thread 0x000000002203e000 DEOPT UNPACKING pc=0x0000000002da787f sp=0x000000001b9a9eb8 mode 0
Event: 20624.299 Thread 0x000000001dba3800 DEOPT UNPACKING pc=0x0000000002da787f sp=0x000000002c2fbfa8 mode 0
Event: 20624.304 Executing VM operation: ParallelGCFailedAllocation


Dynamic libraries:
0x00007ff6eb1e0000 - 0x00007ff6eb217000 	C:\Program Files\Java\jdk1.8.0_131\bin\java.exe
0x00007ffdfdf00000 - 0x00007ffdfe0f0000 	C:\WINDOWS\SYSTEM32\ntdll.dll
0x00007ffdfc090000 - 0x00007ffdfc142000 	C:\WINDOWS\System32\KERNEL32.DLL
0x00007ffdfb1e0000 - 0x00007ffdfb483000 	C:\WINDOWS\System32\KERNELBASE.dll
0x00007ffdfcec0000 - 0x00007ffdfcf63000 	C:\WINDOWS\System32\ADVAPI32.dll
0x00007ffdfd690000 - 0x00007ffdfd72e000 	C:\WINDOWS\System32\msvcrt.dll
0x00007ffdfde20000 - 0x00007ffdfdeb7000 	C:\WINDOWS\System32\sechost.dll
0x00007ffdfc180000 - 0x00007ffdfc2a0000 	C:\WINDOWS\System32\RPCRT4.dll
0x00007ffdfc620000 - 0x00007ffdfc7b4000 	C:\WINDOWS\System32\USER32.dll
0x00007ffdfb6b0000 - 0x00007ffdfb6d1000 	C:\WINDOWS\System32\win32u.dll
0x00007ffdfc5f0000 - 0x00007ffdfc616000 	C:\WINDOWS\System32\GDI32.dll
0x00007ffdfb490000 - 0x00007ffdfb624000 	C:\WINDOWS\System32\gdi32full.dll
0x00007ffdfb0e0000 - 0x00007ffdfb17e000 	C:\WINDOWS\System32\msvcp_win.dll
0x00007ffdfafe0000 - 0x00007ffdfb0da000 	C:\WINDOWS\System32\ucrtbase.dll
0x00007ffdeba20000 - 0x00007ffdebca5000 	C:\WINDOWS\WinSxS\amd64_microsoft.windows.common-controls_6595b64144ccf1df_6.0.18362.535_none_e6c3b34713100821\COMCTL32.dll
0x00007ffdfc7c0000 - 0x00007ffdfcaf6000 	C:\WINDOWS\System32\combase.dll
0x00007ffdfb630000 - 0x00007ffdfb6b0000 	C:\WINDOWS\System32\bcryptPrimitives.dll
0x00007ffdfc150000 - 0x00007ffdfc17e000 	C:\WINDOWS\System32\IMM32.DLL
0x0000000050000000 - 0x00000000500d2000 	C:\Program Files\Java\jdk1.8.0_131\jre\bin\msvcr100.dll
0x0000000076cc0000 - 0x000000007755c000 	C:\Program Files\Java\jdk1.8.0_131\jre\bin\server\jvm.dll
0x00007ffdfcbe0000 - 0x00007ffdfcbe8000 	C:\WINDOWS\System32\PSAPI.DLL
0x00007ffdf5680000 - 0x00007ffdf56a4000 	C:\WINDOWS\SYSTEM32\WINMM.dll
0x00007ffdd9ae0000 - 0x00007ffdd9ae9000 	C:\WINDOWS\SYSTEM32\WSOCK32.dll
0x00007ffdfcb70000 - 0x00007ffdfcbdf000 	C:\WINDOWS\System32\WS2_32.dll
0x00007ffdeea60000 - 0x00007ffdeea6a000 	C:\WINDOWS\SYSTEM32\VERSION.dll
0x00007ffdf5430000 - 0x00007ffdf545d000 	C:\WINDOWS\SYSTEM32\WINMMBASE.dll
0x00007ffdfaec0000 - 0x00007ffdfaf0a000 	C:\WINDOWS\System32\cfgmgr32.dll
0x0000000076cb0000 - 0x0000000076cbf000 	C:\Program Files\Java\jdk1.8.0_131\jre\bin\verify.dll
0x0000000076c80000 - 0x0000000076ca9000 	C:\Program Files\Java\jdk1.8.0_131\jre\bin\java.dll
0x0000000076c60000 - 0x0000000076c76000 	C:\Program Files\Java\jdk1.8.0_131\jre\bin\zip.dll
0x00007ffdfcf80000 - 0x00007ffdfd665000 	C:\WINDOWS\System32\SHELL32.dll
0x00007ffdfd790000 - 0x00007ffdfd839000 	C:\WINDOWS\System32\shcore.dll
0x00007ffdfb6e0000 - 0x00007ffdfbe5f000 	C:\WINDOWS\System32\windows.storage.dll
0x00007ffdfade0000 - 0x00007ffdfadff000 	C:\WINDOWS\System32\profapi.dll
0x00007ffdfae40000 - 0x00007ffdfae8a000 	C:\WINDOWS\System32\powrprof.dll
0x00007ffdfadd0000 - 0x00007ffdfade0000 	C:\WINDOWS\System32\UMPDC.dll
0x00007ffdfd730000 - 0x00007ffdfd782000 	C:\WINDOWS\System32\shlwapi.dll
0x00007ffdfae20000 - 0x00007ffdfae31000 	C:\WINDOWS\System32\kernel.appcore.dll
0x00007ffdfaf10000 - 0x00007ffdfaf27000 	C:\WINDOWS\System32\cryptsp.dll
0x0000000076c40000 - 0x0000000076c5a000 	C:\Program Files\Java\jdk1.8.0_131\jre\bin\net.dll
0x00007ffdf9fc0000 - 0x00007ffdfa027000 	C:\WINDOWS\system32\mswsock.dll
0x0000000076c20000 - 0x0000000076c31000 	C:\Program Files\Java\jdk1.8.0_131\jre\bin\nio.dll
0x00007ffdf3290000 - 0x00007ffdf32b6000 	C:\Users\Bin\.gradle\native\29\windows-amd64\native-platform.dll
0x0000000076c10000 - 0x0000000076c1d000 	C:\Program Files\Java\jdk1.8.0_131\jre\bin\management.dll
0x00007ffdf9b30000 - 0x00007ffdf9b63000 	C:\WINDOWS\system32\rsaenh.dll
0x00007ffdfae90000 - 0x00007ffdfaeb6000 	C:\WINDOWS\System32\bcrypt.dll
0x00007ffdfacf0000 - 0x00007ffdfad15000 	C:\WINDOWS\SYSTEM32\USERENV.dll
0x00007ffdfa190000 - 0x00007ffdfa19c000 	C:\WINDOWS\SYSTEM32\CRYPTBASE.dll
0x00007ffdf9cd0000 - 0x00007ffdf9d0a000 	C:\WINDOWS\SYSTEM32\IPHLPAPI.DLL
0x00007ffdfdcb0000 - 0x00007ffdfdcb8000 	C:\WINDOWS\System32\NSI.dll
0x00007ffdf1bc0000 - 0x00007ffdf1bd6000 	C:\WINDOWS\SYSTEM32\dhcpcsvc6.DLL
0x00007ffdf1a40000 - 0x00007ffdf1a5c000 	C:\WINDOWS\SYSTEM32\dhcpcsvc.DLL
0x00007ffdf9d10000 - 0x00007ffdf9dda000 	C:\WINDOWS\SYSTEM32\DNSAPI.dll
0x0000000076a60000 - 0x0000000076a84000 	C:\Program Files\Java\jdk1.8.0_131\jre\bin\sunec.dll
0x00007ffde9660000 - 0x00007ffde966a000 	C:\Windows\System32\rasadhlp.dll
0x00007ffdf1670000 - 0x00007ffdf16e7000 	C:\WINDOWS\System32\fwpuclnt.dll
0x00000000742d0000 - 0x00000000742db000 	C:\Program Files\Java\jdk1.8.0_131\jre\bin\sunmscapi.dll
0x00007ffdfbe60000 - 0x00007ffdfbfa9000 	C:\WINDOWS\System32\CRYPT32.dll
0x00007ffdfae00000 - 0x00007ffdfae12000 	C:\WINDOWS\System32\MSASN1.dll
0x00007ffdfa8b0000 - 0x00007ffdfa8e1000 	C:\WINDOWS\SYSTEM32\ntmarta.dll
0x00007ffdfa8f0000 - 0x00007ffdfaae4000 	C:\WINDOWS\SYSTEM32\dbghelp.dll

VM Arguments:
jvm_args: -Xmx1536m -Dfile.encoding=windows-1252 -Duser.country=CN -Duser.language=zh -Duser.variant 
java_command: org.gradle.launcher.daemon.bootstrap.GradleDaemon 5.4.1
java_class_path (initial): C:\Users\Bin\.gradle\wrapper\dists\gradle-5.4.1-all\3221gyojl5jsh0helicew7rwx\gradle-5.4.1\lib\gradle-launcher-5.4.1.jar
Launcher Type: SUN_STANDARD

Environment Variables:
JAVA_HOME=C:\Program Files\Java\jdk1.8.0_131
CLASSPATH=.;C:\Program Files\Java\jdk1.8.0_131\lib\dt.jar;C:\Program Files\Java\jdk1.8.0_131\lib\tools.jar;
PATH=C:\Program Files (x86)\Common Files\Intel\Shared Libraries\redist\intel64_win\compiler;C:\ProgramData\Oracle\Java\javapath;C:\Program Files (x86)\Intel\Intel(R) Management Engine Components\iCLS\;C:\Program Files\Intel\Intel(R) Management Engine Components\iCLS\;C:\Windows\system32;C:\Windows;C:\Windows\System32\Wbem;C:\Windows\System32\WindowsPowerShell\v1.0\;C:\Windows\System32\OpenSSH\;C:\Program Files (x86)\Intel\Intel(R) Management Engine Components\DAL;C:\Program Files\Intel\Intel(R) Management Engine Components\DAL;C:\Program Files (x86)\Intel\Intel(R) Management Engine Components\IPT;C:\Program Files\Intel\Intel(R) Management Engine Components\IPT;C:\Program Files (x86)\NVIDIA Corporation\PhysX\Common;C:\Program Files (x86)\Microsoft SQL Server\100\Tools\Binn\;C:\Program Files\Microsoft SQL Server\100\Tools\Binn\;C:\Program Files\Microsoft SQL Server\100\DTS\Binn\;C:\Program Files (x86)\Microsoft SQL Server\100\Tools\Binn\VSShell\Common7\IDE\;C:\Program Files (x86)\Microsoft Visual Studio 9.0\Common7\IDE\PrivateAssemblies\;C:\Program Files (x86)\Microsoft SQL Server\100\DTS\Binn\;C:\Program Files\Java\jdk1.8.0_131\bin;D:\maven\apache-maven-3.3.9\bin;C:\Users\Bin\.gradle\wrapper\dists\gradle-4.4-all\9br9xq1tocpiv8o6njlyu5op1\gradle-4.4\bin;d:\Git\cmd;D:\AndroidSdk\Sdk\platform-tools;D:\apktool;D:\MySQL\mysql-5.7.25-winx64\bin;;C:\WINDOWS\system32;C:\WINDOWS;C:\WINDOWS\System32\Wbem;C:\WINDOWS\System32\WindowsPowerShell\v1.0\;C:\WINDOWS\System32\OpenSSH\;C:\Users\Bin\AppData\Local\Microsoft\WindowsApps;
USERNAME=Bin
OS=Windows_NT
PROCESSOR_IDENTIFIER=Intel64 Family 6 Model 142 Stepping 10, GenuineIntel



---------------  S Y S T E M  ---------------

OS: Windows 10.0 , 64 bit Build 18362 (10.0.18362.329)

CPU:total 8 (initial active 8) (4 cores per cpu, 2 threads per core) family 6 model 142 stepping 10, cmov, cx8, fxsr, mmx, sse, sse2, sse3, ssse3, sse4.1, sse4.2, popcnt, avx, avx2, aes, clmul, erms, 3dnowpref, lzcnt, ht, tsc, tscinvbit, bmi1, bmi2, adx

Memory: 4k page, physical 16681188k(6531432k free), swap 17729764k(4436724k free)

vm_info: Java HotSpot(TM) 64-Bit Server VM (25.131-b11) for windows-amd64 JRE (1.8.0_131-b11), built on Mar 15 2017 01:23:53 by "java_re" with MS VC++ 10.0 (VS2010)

time: Thu Jan 09 14:48:05 2020
elapsed time: 20624 seconds (0d 5h 43m 44s)

